Using pre-set license
Built from '2022.3/staging' branch; Version is '2022.3.62f1 (4af31df58517) revision 4911901'; Using compiler version '192829333'; Build Type 'Release'
OS: 'Windows 11  (10.0.26100) 64bit Professional' Language: 'tr' Physical Memory: 32361 MB
BatchMode: 1, IsHumanControllingUs: 0, StartBugReporterOnCrash: 0, Is64bit: 1, IsPro: 1

COMMAND LINE ARGUMENTS:
C:\Program Files\Unity\Hub\Editor\2022.3.62f1\Editor\Unity.exe
-adb2
-batchMode
-noUpm
-name
AssetImportWorker1
-projectPath
C:/Users/Yago/Ein Raum mit W채nden, in denen 20 Kugeln schweben
-logFile
Logs/AssetImportWorker1.log
-srvPort
51566
Successfully changed project path to: C:/Users/Yago/Ein Raum mit W채nden, in denen 20 Kugeln schweben
C:/Users/Yago/Ein Raum mit W채nden, in denen 20 Kugeln schweben
[UnityMemory] Configuration Parameters - Can be set up in boot.config
    "memorysetup-bucket-allocator-granularity=16"
    "memorysetup-bucket-allocator-bucket-count=8"
    "memorysetup-bucket-allocator-block-size=33554432"
    "memorysetup-bucket-allocator-block-count=8"
    "memorysetup-main-allocator-block-size=16777216"
    "memorysetup-thread-allocator-block-size=16777216"
    "memorysetup-gfx-main-allocator-block-size=16777216"
    "memorysetup-gfx-thread-allocator-block-size=16777216"
    "memorysetup-cache-allocator-block-size=4194304"
    "memorysetup-typetree-allocator-block-size=2097152"
    "memorysetup-profiler-bucket-allocator-granularity=16"
    "memorysetup-profiler-bucket-allocator-bucket-count=8"
    "memorysetup-profiler-bucket-allocator-block-size=33554432"
    "memorysetup-profiler-bucket-allocator-block-count=8"
    "memorysetup-profiler-allocator-block-size=16777216"
    "memorysetup-profiler-editor-allocator-block-size=1048576"
    "memorysetup-temp-allocator-size-main=16777216"
    "memorysetup-job-temp-allocator-block-size=2097152"
    "memorysetup-job-temp-allocator-block-size-background=1048576"
    "memorysetup-job-temp-allocator-reduction-small-platforms=262144"
    "memorysetup-allocator-temp-initial-block-size-main=262144"
    "memorysetup-allocator-temp-initial-block-size-worker=262144"
    "memorysetup-temp-allocator-size-background-worker=32768"
    "memorysetup-temp-allocator-size-job-worker=262144"
    "memorysetup-temp-allocator-size-preload-manager=33554432"
    "memorysetup-temp-allocator-size-nav-mesh-worker=65536"
    "memorysetup-temp-allocator-size-audio-worker=65536"
    "memorysetup-temp-allocator-size-cloud-worker=32768"
    "memorysetup-temp-allocator-size-gi-baking-worker=262144"
    "memorysetup-temp-allocator-size-gfx=262144"
Player connection [17380]  Target information:

Player connection [17380]  * "[IP] 192.168.0.100 [Port] 0 [Flags] 2 [Guid] 3497494036 [EditorId] 3497494036 [Version] 1048832 [Id] WindowsEditor(7,DESKTOP-OO13JFH) [Debug] 1 [PackageName] WindowsEditor [ProjectName] Editor" 

Player connection [17380] Host joined multi-casting on [225.0.0.222:54997]...
Player connection [17380] Host joined alternative multi-casting on [225.0.0.222:34997]...
Input System module state changed to: Initialized.
[PhysX] Initialized MultithreadedTaskDispatcher with 12 workers.
Refreshing native plugins compatible for Editor in 8.49 ms, found 6 plugins.
Preloading 0 native plugins for Editor in 0.00 ms.
Initialize engine version: 2022.3.62f1 (4af31df58517)
[Subsystems] Discovering subsystems at path C:/Program Files/Unity/Hub/Editor/2022.3.62f1/Editor/Data/Resources/UnitySubsystems
[Subsystems] Discovering subsystems at path C:/Users/Yago/Ein Raum mit W채nden, in denen 20 Kugeln schweben/Assets
GfxDevice: creating device client; threaded=0; jobified=0
Direct3D:
    Version:  Direct3D 11.0 [level 11.1]
    Renderer: AMD  Radeon RX 7800 XT (ID=0x747e)
    Vendor:   ATI
    VRAM:     16368 MB
    Driver:   32.0.21013.4013
Initialize mono
Mono path[0] = 'C:/Program Files/Unity/Hub/Editor/2022.3.62f1/Editor/Data/Managed'
Mono path[1] = 'C:/Program Files/Unity/Hub/Editor/2022.3.62f1/Editor/Data/MonoBleedingEdge/lib/mono/unityjit-win32'
Mono config path = 'C:/Program Files/Unity/Hub/Editor/2022.3.62f1/Editor/Data/MonoBleedingEdge/etc'
Using monoOptions --debugger-agent=transport=dt_socket,embedding=1,server=y,suspend=n,address=127.0.0.1:56276
Begin MonoManager ReloadAssembly
Registering precompiled unity dll's ...
Register platform support module: C:/Program Files/Unity/Hub/Editor/2022.3.62f1/Editor/Data/PlaybackEngines/WindowsStandaloneSupport/UnityEditor.WindowsStandalone.Extensions.dll
Registered in 0.003834 seconds.
- Loaded All Assemblies, in  0.229 seconds
Native extension for WindowsStandalone target not found
Mono: successfully reloaded assembly
- Finished resetting the current domain, in  0.167 seconds
Domain Reload Profiling: 395ms
	BeginReloadAssembly (66ms)
		ExecutionOrderSort (0ms)
		DisableScriptedObjects (0ms)
		BackupInstance (0ms)
		ReleaseScriptingObjects (0ms)
		CreateAndSetChildDomain (0ms)
	RebuildCommonClasses (25ms)
	RebuildNativeTypeToScriptingClass (10ms)
	initialDomainReloadingComplete (33ms)
	LoadAllAssembliesAndSetupDomain (95ms)
		LoadAssemblies (64ms)
		RebuildTransferFunctionScriptingTraits (0ms)
		AnalyzeDomain (94ms)
			TypeCache.Refresh (93ms)
				TypeCache.ScanAssembly (84ms)
			ScanForSourceGeneratedMonoScriptInfo (0ms)
			ResolveRequiredComponents (0ms)
	FinalizeReload (167ms)
		ReleaseScriptCaches (0ms)
		RebuildScriptCaches (0ms)
		SetupLoadedEditorAssemblies (138ms)
			LogAssemblyErrors (0ms)
			InitializePlatformSupportModulesInManaged (7ms)
			SetLoadedEditorAssemblies (6ms)
			RefreshPlugins (0ms)
			BeforeProcessingInitializeOnLoad (1ms)
			ProcessInitializeOnLoadAttributes (94ms)
			ProcessInitializeOnLoadMethodAttributes (30ms)
			AfterProcessingInitializeOnLoad (0ms)
			EditorAssembliesLoaded (0ms)
		ExecutionOrderSort2 (0ms)
		AwakeInstancesAfterBackupRestoration (0ms)
========================================================================
Worker process is ready to serve import requests
Caller must complete domain reload
Begin MonoManager ReloadAssembly
- Loaded All Assemblies, in  0.395 seconds
Native extension for WindowsStandalone target not found
Package Manager log level set to [2]
[Package Manager] Server::EnsureServerProcessIsRunning -- launch failed, reason: Unity was launched with the -noUpm command-line argument
[Package Manager] UpmClient::Send -- Unable to send message (not connected to UPM process).
[Package Manager] Cannot connect to Unity Package Manager local server
Mono: successfully reloaded assembly
[Package Manager] Server::EnsureServerProcessIsRunning -- launch failed, reason: Unity was launched with the -noUpm command-line argument
[Package Manager] UpmClient::Send -- Unable to send message (not connected to UPM process).
[Package Manager] Cannot connect to Unity Package Manager local server
[Package Manager] Server::EnsureServerProcessIsRunning -- launch failed, reason: Unity was launched with the -noUpm command-line argument
[Package Manager] UpmClient::Send -- Unable to send message (not connected to UPM process).
[Package Manager] Cannot connect to Unity Package Manager local server
- Finished resetting the current domain, in  0.380 seconds
Domain Reload Profiling: 774ms
	BeginReloadAssembly (91ms)
		ExecutionOrderSort (0ms)
		DisableScriptedObjects (3ms)
		BackupInstance (0ms)
		ReleaseScriptingObjects (0ms)
		CreateAndSetChildDomain (18ms)
	RebuildCommonClasses (21ms)
	RebuildNativeTypeToScriptingClass (6ms)
	initialDomainReloadingComplete (27ms)
	LoadAllAssembliesAndSetupDomain (248ms)
		LoadAssemblies (180ms)
		RebuildTransferFunctionScriptingTraits (0ms)
		AnalyzeDomain (118ms)
			TypeCache.Refresh (103ms)
				TypeCache.ScanAssembly (92ms)
			ScanForSourceGeneratedMonoScriptInfo (11ms)
			ResolveRequiredComponents (4ms)
	FinalizeReload (380ms)
		ReleaseScriptCaches (0ms)
		RebuildScriptCaches (0ms)
		SetupLoadedEditorAssemblies (289ms)
			LogAssemblyErrors (0ms)
			InitializePlatformSupportModulesInManaged (4ms)
			SetLoadedEditorAssemblies (3ms)
			RefreshPlugins (0ms)
			BeforeProcessingInitializeOnLoad (44ms)
			ProcessInitializeOnLoadAttributes (219ms)
			ProcessInitializeOnLoadMethodAttributes (14ms)
			AfterProcessingInitializeOnLoad (4ms)
			EditorAssembliesLoaded (0ms)
		ExecutionOrderSort2 (0ms)
		AwakeInstancesAfterBackupRestoration (4ms)
Launched and connected shader compiler UnityShaderCompiler.exe after 0.03 seconds
Refreshing native plugins compatible for Editor in 4.23 ms, found 6 plugins.
Preloading 0 native plugins for Editor in 0.00 ms.
Unloading 3459 Unused Serialized files (Serialized files now loaded: 0)
Unloading 21 unused Assets / (55.0 KB). Loaded Objects now: 3926.
Memory consumption went from 130.3 MB to 130.2 MB.
Total: 3.563800 ms (FindLiveObjects: 0.248100 ms CreateObjectMapping: 0.137900 ms MarkObjects: 3.100500 ms  DeleteObjects: 0.076600 ms)

AssetImportParameters requested are different than current active one (requested -> active):
  custom:container-demuxer-ogg: 62fdf1f143b41e24485cea50d1cbac27 -> 
  custom:video-codec-MediaFoundation-h265: 746d11721c4dcdbdad8f713fa42b33f4 -> 
  custom:video-decoder-ogg-theora: a1e56fd34408186e4bbccfd4996cb3dc -> 
  custom:framework-win-MediaFoundation: 216162199b28c13a410421893ffa2e32 -> 
  custom:CustomObjectIndexerAttribute: 9a22284fe3817be447336de3de66b15e -> 
  custom:container-demuxer-webm: 4f35f7cbe854078d1ac9338744f61a02 -> 
  custom:container-muxer-webm: aa71ff27fc2769a1b78a27578f13a17b -> 
  custom:video-decoder-webm-vp8: 9c59270c3fd7afecdb556c50c9e8de78 -> 
  custom:SearchIndexIgnoredProperties: e643bd26f0fe6173181afceb89e7c659 -> 
  custom:AudioImporter_EditorPlatform: d09bf68614088b80899f8185d706f6e7 -> 
  custom:video-encoder-webm-vp8: eb34c28f22e8b96e1ab97ce403110664 -> 
  custom:audio-decoder-ogg-vorbis: bf7c407c2cedff20999df2af8eb42d56 -> 
  custom:audio-encoder-webm-vorbis: bf7c407c2cedff20999df2af8eb42d56 -> 
========================================================================
Received Import Request.
  Time since last request: 525352.866999 seconds.
  path: Assets/SteamVR/InteractionSystem/Samples/Models/Table.prefab
  artifactKey: Guid(f11886bad7ca13742ba0be955318d952) Importer(815301076,1909f56bfc062723c751e8b465ee728b)
Start importing Assets/SteamVR/InteractionSystem/Samples/Models/Table.prefab using Guid(f11886bad7ca13742ba0be955318d952) Importer(815301076,1909f56bfc062723c751e8b465ee728b) [PhysX] Initialized MultithreadedTaskDispatcher with 12 workers.
[PhysX] Initialized MultithreadedTaskDispatcher with 12 workers.
 -> (artifact id: 'b6900a9c1216a32b322436da59047f94') in 0.297690 seconds
Number of updated asset objects reloaded before import = 0
Number of asset objects unloaded after import = 12
========================================================================
Received Import Request.
  Time since last request: 0.000026 seconds.
  path: Assets/SteamVR/InteractionSystem/Samples/Prefabs/Flower.prefab
  artifactKey: Guid(8a2487c189a464148aadc3af2effa7c8) Importer(815301076,1909f56bfc062723c751e8b465ee728b)
Start importing Assets/SteamVR/InteractionSystem/Samples/Prefabs/Flower.prefab using Guid(8a2487c189a464148aadc3af2effa7c8) Importer(815301076,1909f56bfc062723c751e8b465ee728b) [PhysX] Initialized MultithreadedTaskDispatcher with 12 workers.
Could not find match for direction: in
UnityEngine.StackTraceUtility:ExtractStackTrace ()
UnityEngine.DebugLogHandler:LogFormat (UnityEngine.LogType,UnityEngine.Object,string,object[])
UnityEngine.Logger:Log (UnityEngine.LogType,object)
UnityEngine.Debug:LogError (object)
Valve.VR.SteamVR_Action_Source_Map:GetActionDirection () (at Assets/SteamVR/Input/SteamVR_Action.cs:690)
Valve.VR.SteamVR_Action_Source_Map:PreInitialize (Valve.VR.SteamVR_Action,string,bool) (at Assets/SteamVR/Input/SteamVR_Action.cs:636)
Valve.VR.SteamVR_Action`2<Valve.VR.SteamVR_Action_Boolean_Source_Map, Valve.VR.SteamVR_Action_Boolean_Source>:PreInitialize (string) (at Assets/SteamVR/Input/SteamVR_Action.cs:100)
Valve.VR.SteamVR_Action:Create<Valve.VR.SteamVR_Action_Boolean> (string) (at Assets/SteamVR/Input/SteamVR_Action.cs:294)
Valve.VR.SteamVR_Actions:PreInitActions () (at Assets/SteamVR_Input/SteamVR_Input_Actions.cs:298)
Valve.VR.SteamVR_Actions:PreInitialize () (at Assets/SteamVR_Input/SteamVR_Input_Initialization.cs:24)
System.Reflection.RuntimeMethodInfo:Invoke (object,System.Reflection.BindingFlags,System.Reflection.Binder,object[],System.Globalization.CultureInfo)
System.Reflection.MethodBase:Invoke (object,object[])
Valve.VR.SteamVR_Input:FindPreinitializeMethod () (at Assets/SteamVR/Input/SteamVR_Input.cs:134)
Valve.VR.SteamVR_Input:.cctor () (at Assets/SteamVR/Input/SteamVR_Input.cs:114)
Valve.VR.SteamVR_ActionSet:Initialize (bool,bool) (at Assets/SteamVR/Input/SteamVR_ActionSet.cs:178)
Valve.VR.SteamVR_ActionSet:UnityEngine.ISerializationCallbackReceiver.OnAfterDeserialize () (at Assets/SteamVR/Input/SteamVR_ActionSet.cs:366)

(Filename: Assets/SteamVR/Input/SteamVR_Action.cs Line: 690)

Could not find match for direction: in
UnityEngine.StackTraceUtility:ExtractStackTrace ()
UnityEngine.DebugLogHandler:LogFormat (UnityEngine.LogType,UnityEngine.Object,string,object[])
UnityEngine.Logger:Log (UnityEngine.LogType,object)
UnityEngine.Debug:LogError (object)
Valve.VR.SteamVR_Action_Source_Map:GetActionDirection () (at Assets/SteamVR/Input/SteamVR_Action.cs:690)
Valve.VR.SteamVR_Action_Source_Map:PreInitialize (Valve.VR.SteamVR_Action,string,bool) (at Assets/SteamVR/Input/SteamVR_Action.cs:636)
Valve.VR.SteamVR_Action`2<Valve.VR.SteamVR_Action_Boolean_Source_Map, Valve.VR.SteamVR_Action_Boolean_Source>:PreInitialize (string) (at Assets/SteamVR/Input/SteamVR_Action.cs:100)
Valve.VR.SteamVR_Action:Create<Valve.VR.SteamVR_Action_Boolean> (string) (at Assets/SteamVR/Input/SteamVR_Action.cs:294)
Valve.VR.SteamVR_Actions:PreInitActions () (at Assets/SteamVR_Input/SteamVR_Input_Actions.cs:299)
Valve.VR.SteamVR_Actions:PreInitialize () (at Assets/SteamVR_Input/SteamVR_Input_Initialization.cs:24)
System.Reflection.RuntimeMethodInfo:Invoke (object,System.Reflection.BindingFlags,System.Reflection.Binder,object[],System.Globalization.CultureInfo)
System.Reflection.MethodBase:Invoke (object,object[])
Valve.VR.SteamVR_Input:FindPreinitializeMethod () (at Assets/SteamVR/Input/SteamVR_Input.cs:134)
Valve.VR.SteamVR_Input:.cctor () (at Assets/SteamVR/Input/SteamVR_Input.cs:114)
Valve.VR.SteamVR_ActionSet:Initialize (bool,bool) (at Assets/SteamVR/Input/SteamVR_ActionSet.cs:178)
Valve.VR.SteamVR_ActionSet:UnityEngine.ISerializationCallbackReceiver.OnAfterDeserialize () (at Assets/SteamVR/Input/SteamVR_ActionSet.cs:366)

(Filename: Assets/SteamVR/Input/SteamVR_Action.cs Line: 690)

Could not find match for direction: in
UnityEngine.StackTraceUtility:ExtractStackTrace ()
UnityEngine.DebugLogHandler:LogFormat (UnityEngine.LogType,UnityEngine.Object,string,object[])
UnityEngine.Logger:Log (UnityEngine.LogType,object)
UnityEngine.Debug:LogError (object)
Valve.VR.SteamVR_Action_Source_Map:GetActionDirection () (at Assets/SteamVR/Input/SteamVR_Action.cs:690)
Valve.VR.SteamVR_Action_Source_Map:PreInitialize (Valve.VR.SteamVR_Action,string,bool) (at Assets/SteamVR/Input/SteamVR_Action.cs:636)
Valve.VR.SteamVR_Action`2<Valve.VR.SteamVR_Action_Boolean_Source_Map, Valve.VR.SteamVR_Action_Boolean_Source>:PreInitialize (string) (at Assets/SteamVR/Input/SteamVR_Action.cs:100)
Valve.VR.SteamVR_Action:Create<Valve.VR.SteamVR_Action_Boolean> (string) (at Assets/SteamVR/Input/SteamVR_Action.cs:294)
Valve.VR.SteamVR_Actions:PreInitActions () (at Assets/SteamVR_Input/SteamVR_Input_Actions.cs:300)
Valve.VR.SteamVR_Actions:PreInitialize () (at Assets/SteamVR_Input/SteamVR_Input_Initialization.cs:24)
System.Reflection.RuntimeMethodInfo:Invoke (object,System.Reflection.BindingFlags,System.Reflection.Binder,object[],System.Globalization.CultureInfo)
System.Reflection.MethodBase:Invoke (object,object[])
Valve.VR.SteamVR_Input:FindPreinitializeMethod () (at Assets/SteamVR/Input/SteamVR_Input.cs:134)
Valve.VR.SteamVR_Input:.cctor () (at Assets/SteamVR/Input/SteamVR_Input.cs:114)
Valve.VR.SteamVR_ActionSet:Initialize (bool,bool) (at Assets/SteamVR/Input/SteamVR_ActionSet.cs:178)
Valve.VR.SteamVR_ActionSet:UnityEngine.ISerializationCallbackReceiver.OnAfterDeserialize () (at Assets/SteamVR/Input/SteamVR_ActionSet.cs:366)

(Filename: Assets/SteamVR/Input/SteamVR_Action.cs Line: 690)

Could not find match for direction: in
UnityEngine.StackTraceUtility:ExtractStackTrace ()
UnityEngine.DebugLogHandler:LogFormat (UnityEngine.LogType,UnityEngine.Object,string,object[])
UnityEngine.Logger:Log (UnityEngine.LogType,object)
UnityEngine.Debug:LogError (object)
Valve.VR.SteamVR_Action_Source_Map:GetActionDirection () (at Assets/SteamVR/Input/SteamVR_Action.cs:690)
Valve.VR.SteamVR_Action_Source_Map:PreInitialize (Valve.VR.SteamVR_Action,string,bool) (at Assets/SteamVR/Input/SteamVR_Action.cs:636)
Valve.VR.SteamVR_Action`2<Valve.VR.SteamVR_Action_Boolean_Source_Map, Valve.VR.SteamVR_Action_Boolean_Source>:PreInitialize (string) (at Assets/SteamVR/Input/SteamVR_Action.cs:100)
Valve.VR.SteamVR_Action:Create<Valve.VR.SteamVR_Action_Boolean> (string) (at Assets/SteamVR/Input/SteamVR_Action.cs:294)
Valve.VR.SteamVR_Actions:PreInitActions () (at Assets/SteamVR_Input/SteamVR_Input_Actions.cs:301)
Valve.VR.SteamVR_Actions:PreInitialize () (at Assets/SteamVR_Input/SteamVR_Input_Initialization.cs:24)
System.Reflection.RuntimeMethodInfo:Invoke (object,System.Reflection.BindingFlags,System.Reflection.Binder,object[],System.Globalization.CultureInfo)
System.Reflection.MethodBase:Invoke (object,object[])
Valve.VR.SteamVR_Input:FindPreinitializeMethod () (at Assets/SteamVR/Input/SteamVR_Input.cs:134)
Valve.VR.SteamVR_Input:.cctor () (at Assets/SteamVR/Input/SteamVR_Input.cs:114)
Valve.VR.SteamVR_ActionSet:Initialize (bool,bool) (at Assets/SteamVR/Input/SteamVR_ActionSet.cs:178)
Valve.VR.SteamVR_ActionSet:UnityEngine.ISerializationCallbackReceiver.OnAfterDeserialize () (at Assets/SteamVR/Input/SteamVR_ActionSet.cs:366)

(Filename: Assets/SteamVR/Input/SteamVR_Action.cs Line: 690)

Could not find match for direction: in
UnityEngine.StackTraceUtility:ExtractStackTrace ()
UnityEngine.DebugLogHandler:LogFormat (UnityEngine.LogType,UnityEngine.Object,string,object[])
UnityEngine.Logger:Log (UnityEngine.LogType,object)
UnityEngine.Debug:LogError (object)
Valve.VR.SteamVR_Action_Source_Map:GetActionDirection () (at Assets/SteamVR/Input/SteamVR_Action.cs:690)
Valve.VR.SteamVR_Action_Source_Map:PreInitialize (Valve.VR.SteamVR_Action,string,bool) (at Assets/SteamVR/Input/SteamVR_Action.cs:636)
Valve.VR.SteamVR_Action`2<Valve.VR.SteamVR_Action_Pose_Source_Map`1<Valve.VR.SteamVR_Action_Pose_Source>, Valve.VR.SteamVR_Action_Pose_Source>:PreInitialize (string) (at Assets/SteamVR/Input/SteamVR_Action.cs:100)
Valve.VR.SteamVR_Action:Create<Valve.VR.SteamVR_Action_Pose> (string) (at Assets/SteamVR/Input/SteamVR_Action.cs:294)
Valve.VR.SteamVR_Actions:PreInitActions () (at Assets/SteamVR_Input/SteamVR_Input_Actions.cs:302)
Valve.VR.SteamVR_Actions:PreInitialize () (at Assets/SteamVR_Input/SteamVR_Input_Initialization.cs:24)
System.Reflection.RuntimeMethodInfo:Invoke (object,System.Reflection.BindingFlags,System.Reflection.Binder,object[],System.Globalization.CultureInfo)
System.Reflection.MethodBase:Invoke (object,object[])
Valve.VR.SteamVR_Input:FindPreinitializeMethod () (at Assets/SteamVR/Input/SteamVR_Input.cs:134)
Valve.VR.SteamVR_Input:.cctor () (at Assets/SteamVR/Input/SteamVR_Input.cs:114)
Valve.VR.SteamVR_ActionSet:Initialize (bool,bool) (at Assets/SteamVR/Input/SteamVR_ActionSet.cs:178)
Valve.VR.SteamVR_ActionSet:UnityEngine.ISerializationCallbackReceiver.OnAfterDeserialize () (at Assets/SteamVR/Input/SteamVR_ActionSet.cs:366)

(Filename: Assets/SteamVR/Input/SteamVR_Action.cs Line: 690)

Could not find match for direction: in
UnityEngine.StackTraceUtility:ExtractStackTrace ()
UnityEngine.DebugLogHandler:LogFormat (UnityEngine.LogType,UnityEngine.Object,string,object[])
UnityEngine.Logger:Log (UnityEngine.LogType,object)
UnityEngine.Debug:LogError (object)
Valve.VR.SteamVR_Action_Source_Map:GetActionDirection () (at Assets/SteamVR/Input/SteamVR_Action.cs:690)
Valve.VR.SteamVR_Action_Source_Map:PreInitialize (Valve.VR.SteamVR_Action,string,bool) (at Assets/SteamVR/Input/SteamVR_Action.cs:636)
Valve.VR.SteamVR_Action`2<Valve.VR.SteamVR_Action_Skeleton_Source_Map, Valve.VR.SteamVR_Action_Skeleton_Source>:PreInitialize (string) (at Assets/SteamVR/Input/SteamVR_Action.cs:100)
Valve.VR.SteamVR_Action:Create<Valve.VR.SteamVR_Action_Skeleton> (string) (at Assets/SteamVR/Input/SteamVR_Action.cs:294)
Valve.VR.SteamVR_Actions:PreInitActions () (at Assets/SteamVR_Input/SteamVR_Input_Actions.cs:303)
Valve.VR.SteamVR_Actions:PreInitialize () (at Assets/SteamVR_Input/SteamVR_Input_Initialization.cs:24)
System.Reflection.RuntimeMethodInfo:Invoke (object,System.Reflection.BindingFlags,System.Reflection.Binder,object[],System.Globalization.CultureInfo)
System.Reflection.MethodBase:Invoke (object,object[])
Valve.VR.SteamVR_Input:FindPreinitializeMethod () (at Assets/SteamVR/Input/SteamVR_Input.cs:134)
Valve.VR.SteamVR_Input:.cctor () (at Assets/SteamVR/Input/SteamVR_Input.cs:114)
Valve.VR.SteamVR_ActionSet:Initialize (bool,bool) (at Assets/SteamVR/Input/SteamVR_ActionSet.cs:178)
Valve.VR.SteamVR_ActionSet:UnityEngine.ISerializationCallbackReceiver.OnAfterDeserialize () (at Assets/SteamVR/Input/SteamVR_ActionSet.cs:366)

(Filename: Assets/SteamVR/Input/SteamVR_Action.cs Line: 690)

Could not find match for direction: in
UnityEngine.StackTraceUtility:ExtractStackTrace ()
UnityEngine.DebugLogHandler:LogFormat (UnityEngine.LogType,UnityEngine.Object,string,object[])
UnityEngine.Logger:Log (UnityEngine.LogType,object)
UnityEngine.Debug:LogError (object)
Valve.VR.SteamVR_Action_Source_Map:GetActionDirection () (at Assets/SteamVR/Input/SteamVR_Action.cs:690)
Valve.VR.SteamVR_Action_Source_Map:PreInitialize (Valve.VR.SteamVR_Action,string,bool) (at Assets/SteamVR/Input/SteamVR_Action.cs:636)
Valve.VR.SteamVR_Action`2<Valve.VR.SteamVR_Action_Skeleton_Source_Map, Valve.VR.SteamVR_Action_Skeleton_Source>:PreInitialize (string) (at Assets/SteamVR/Input/SteamVR_Action.cs:100)
Valve.VR.SteamVR_Action:Create<Valve.VR.SteamVR_Action_Skeleton> (string) (at Assets/SteamVR/Input/SteamVR_Action.cs:294)
Valve.VR.SteamVR_Actions:PreInitActions () (at Assets/SteamVR_Input/SteamVR_Input_Actions.cs:304)
Valve.VR.SteamVR_Actions:PreInitialize () (at Assets/SteamVR_Input/SteamVR_Input_Initialization.cs:24)
System.Reflection.RuntimeMethodInfo:Invoke (object,System.Reflection.BindingFlags,System.Reflection.Binder,object[],System.Globalization.CultureInfo)
System.Reflection.MethodBase:Invoke (object,object[])
Valve.VR.SteamVR_Input:FindPreinitializeMethod () (at Assets/SteamVR/Input/SteamVR_Input.cs:134)
Valve.VR.SteamVR_Input:.cctor () (at Assets/SteamVR/Input/SteamVR_Input.cs:114)
Valve.VR.SteamVR_ActionSet:Initialize (bool,bool) (at Assets/SteamVR/Input/SteamVR_ActionSet.cs:178)
Valve.VR.SteamVR_ActionSet:UnityEngine.ISerializationCallbackReceiver.OnAfterDeserialize () (at Assets/SteamVR/Input/SteamVR_ActionSet.cs:366)

(Filename: Assets/SteamVR/Input/SteamVR_Action.cs Line: 690)

Could not find match for direction: in
UnityEngine.StackTraceUtility:ExtractStackTrace ()
UnityEngine.DebugLogHandler:LogFormat (UnityEngine.LogType,UnityEngine.Object,string,object[])
UnityEngine.Logger:Log (UnityEngine.LogType,object)
UnityEngine.Debug:LogError (object)
Valve.VR.SteamVR_Action_Source_Map:GetActionDirection () (at Assets/SteamVR/Input/SteamVR_Action.cs:690)
Valve.VR.SteamVR_Action_Source_Map:PreInitialize (Valve.VR.SteamVR_Action,string,bool) (at Assets/SteamVR/Input/SteamVR_Action.cs:636)
Valve.VR.SteamVR_Action`2<Valve.VR.SteamVR_Action_Single_Source_Map, Valve.VR.SteamVR_Action_Single_Source>:PreInitialize (string) (at Assets/SteamVR/Input/SteamVR_Action.cs:100)
Valve.VR.SteamVR_Action:Create<Valve.VR.SteamVR_Action_Single> (string) (at Assets/SteamVR/Input/SteamVR_Action.cs:294)
Valve.VR.SteamVR_Actions:PreInitActions () (at Assets/SteamVR_Input/SteamVR_Input_Actions.cs:305)
Valve.VR.SteamVR_Actions:PreInitialize () (at Assets/SteamVR_Input/SteamVR_Input_Initialization.cs:24)
System.Reflection.RuntimeMethodInfo:Invoke (object,System.Reflection.BindingFlags,System.Reflection.Binder,object[],System.Globalization.CultureInfo)
System.Reflection.MethodBase:Invoke (object,object[])
Valve.VR.SteamVR_Input:FindPreinitializeMethod () (at Assets/SteamVR/Input/SteamVR_Input.cs:134)
Valve.VR.SteamVR_Input:.cctor () (at Assets/SteamVR/Input/SteamVR_Input.cs:114)
Valve.VR.SteamVR_ActionSet:Initialize (bool,bool) (at Assets/SteamVR/Input/SteamVR_ActionSet.cs:178)
Valve.VR.SteamVR_ActionSet:UnityEngine.ISerializationCallbackReceiver.OnAfterDeserialize () (at Assets/SteamVR/Input/SteamVR_ActionSet.cs:366)

(Filename: Assets/SteamVR/Input/SteamVR_Action.cs Line: 690)

Could not find match for direction: in
UnityEngine.StackTraceUtility:ExtractStackTrace ()
UnityEngine.DebugLogHandler:LogFormat (UnityEngine.LogType,UnityEngine.Object,string,object[])
UnityEngine.Logger:Log (UnityEngine.LogType,object)
UnityEngine.Debug:LogError (object)
Valve.VR.SteamVR_Action_Source_Map:GetActionDirection () (at Assets/SteamVR/Input/SteamVR_Action.cs:690)
Valve.VR.SteamVR_Action_Source_Map:PreInitialize (Valve.VR.SteamVR_Action,string,bool) (at Assets/SteamVR/Input/SteamVR_Action.cs:636)
Valve.VR.SteamVR_Action`2<Valve.VR.SteamVR_Action_Boolean_Source_Map, Valve.VR.SteamVR_Action_Boolean_Source>:PreInitialize (string) (at Assets/SteamVR/Input/SteamVR_Action.cs:100)
Valve.VR.SteamVR_Action:Create<Valve.VR.SteamVR_Action_Boolean> (string) (at Assets/SteamVR/Input/SteamVR_Action.cs:294)
Valve.VR.SteamVR_Actions:PreInitActions () (at Assets/SteamVR_Input/SteamVR_Input_Actions.cs:306)
Valve.VR.SteamVR_Actions:PreInitialize () (at Assets/SteamVR_Input/SteamVR_Input_Initialization.cs:24)
System.Reflection.RuntimeMethodInfo:Invoke (object,System.Reflection.BindingFlags,System.Reflection.Binder,object[],System.Globalization.CultureInfo)
System.Reflection.MethodBase:Invoke (object,object[])
Valve.VR.SteamVR_Input:FindPreinitializeMethod () (at Assets/SteamVR/Input/SteamVR_Input.cs:134)
Valve.VR.SteamVR_Input:.cctor () (at Assets/SteamVR/Input/SteamVR_Input.cs:114)
Valve.VR.SteamVR_ActionSet:Initialize (bool,bool) (at Assets/SteamVR/Input/SteamVR_ActionSet.cs:178)
Valve.VR.SteamVR_ActionSet:UnityEngine.ISerializationCallbackReceiver.OnAfterDeserialize () (at Assets/SteamVR/Input/SteamVR_ActionSet.cs:366)

(Filename: Assets/SteamVR/Input/SteamVR_Action.cs Line: 690)

Could not find match for direction: in
UnityEngine.StackTraceUtility:ExtractStackTrace ()
UnityEngine.DebugLogHandler:LogFormat (UnityEngine.LogType,UnityEngine.Object,string,object[])
UnityEngine.Logger:Log (UnityEngine.LogType,object)
UnityEngine.Debug:LogError (object)
Valve.VR.SteamVR_Action_Source_Map:GetActionDirection () (at Assets/SteamVR/Input/SteamVR_Action.cs:690)
Valve.VR.SteamVR_Action_Source_Map:PreInitialize (Valve.VR.SteamVR_Action,string,bool) (at Assets/SteamVR/Input/SteamVR_Action.cs:636)
Valve.VR.SteamVR_Action`2<Valve.VR.SteamVR_Action_Boolean_Source_Map, Valve.VR.SteamVR_Action_Boolean_Source>:PreInitialize (string) (at Assets/SteamVR/Input/SteamVR_Action.cs:100)
Valve.VR.SteamVR_Action:Create<Valve.VR.SteamVR_Action_Boolean> (string) (at Assets/SteamVR/Input/SteamVR_Action.cs:294)
Valve.VR.SteamVR_Actions:PreInitActions () (at Assets/SteamVR_Input/SteamVR_Input_Actions.cs:307)
Valve.VR.SteamVR_Actions:PreInitialize () (at Assets/SteamVR_Input/SteamVR_Input_Initialization.cs:24)
System.Reflection.RuntimeMethodInfo:Invoke (object,System.Reflection.BindingFlags,System.Reflection.Binder,object[],System.Globalization.CultureInfo)
System.Reflection.MethodBase:Invoke (object,object[])
Valve.VR.SteamVR_Input:FindPreinitializeMethod () (at Assets/SteamVR/Input/SteamVR_Input.cs:134)
Valve.VR.SteamVR_Input:.cctor () (at Assets/SteamVR/Input/SteamVR_Input.cs:114)
Valve.VR.SteamVR_ActionSet:Initialize (bool,bool) (at Assets/SteamVR/Input/SteamVR_ActionSet.cs:178)
Valve.VR.SteamVR_ActionSet:UnityEngine.ISerializationCallbackReceiver.OnAfterDeserialize () (at Assets/SteamVR/Input/SteamVR_ActionSet.cs:366)

(Filename: Assets/SteamVR/Input/SteamVR_Action.cs Line: 690)

Could not find match for direction: in
UnityEngine.StackTraceUtility:ExtractStackTrace ()
UnityEngine.DebugLogHandler:LogFormat (UnityEngine.LogType,UnityEngine.Object,string,object[])
UnityEngine.Logger:Log (UnityEngine.LogType,object)
UnityEngine.Debug:LogError (object)
Valve.VR.SteamVR_Action_Source_Map:GetActionDirection () (at Assets/SteamVR/Input/SteamVR_Action.cs:690)
Valve.VR.SteamVR_Action_Source_Map:PreInitialize (Valve.VR.SteamVR_Action,string,bool) (at Assets/SteamVR/Input/SteamVR_Action.cs:636)
Valve.VR.SteamVR_Action`2<Valve.VR.SteamVR_Action_Boolean_Source_Map, Valve.VR.SteamVR_Action_Boolean_Source>:PreInitialize (string) (at Assets/SteamVR/Input/SteamVR_Action.cs:100)
Valve.VR.SteamVR_Action:Create<Valve.VR.SteamVR_Action_Boolean> (string) (at Assets/SteamVR/Input/SteamVR_Action.cs:294)
Valve.VR.SteamVR_Actions:PreInitActions () (at Assets/SteamVR_Input/SteamVR_Input_Actions.cs:308)
Valve.VR.SteamVR_Actions:PreInitialize () (at Assets/SteamVR_Input/SteamVR_Input_Initialization.cs:24)
System.Reflection.RuntimeMethodInfo:Invoke (object,System.Reflection.BindingFlags,System.Reflection.Binder,object[],System.Globalization.CultureInfo)
System.Reflection.MethodBase:Invoke (object,object[])
Valve.VR.SteamVR_Input:FindPreinitializeMethod () (at Assets/SteamVR/Input/SteamVR_Input.cs:134)
Valve.VR.SteamVR_Input:.cctor () (at Assets/SteamVR/Input/SteamVR_Input.cs:114)
Valve.VR.SteamVR_ActionSet:Initialize (bool,bool) (at Assets/SteamVR/Input/SteamVR_ActionSet.cs:178)
Valve.VR.SteamVR_ActionSet:UnityEngine.ISerializationCallbackReceiver.OnAfterDeserialize () (at Assets/SteamVR/Input/SteamVR_ActionSet.cs:366)

(Filename: Assets/SteamVR/Input/SteamVR_Action.cs Line: 690)

Could not find match for direction: in
UnityEngine.StackTraceUtility:ExtractStackTrace ()
UnityEngine.DebugLogHandler:LogFormat (UnityEngine.LogType,UnityEngine.Object,string,object[])
UnityEngine.Logger:Log (UnityEngine.LogType,object)
UnityEngine.Debug:LogError (object)
Valve.VR.SteamVR_Action_Source_Map:GetActionDirection () (at Assets/SteamVR/Input/SteamVR_Action.cs:690)
Valve.VR.SteamVR_Action_Source_Map:PreInitialize (Valve.VR.SteamVR_Action,string,bool) (at Assets/SteamVR/Input/SteamVR_Action.cs:636)
Valve.VR.SteamVR_Action`2<Valve.VR.SteamVR_Action_Vector2_Source_Map, Valve.VR.SteamVR_Action_Vector2_Source>:PreInitialize (string) (at Assets/SteamVR/Input/SteamVR_Action.cs:100)
Valve.VR.SteamVR_Action:Create<Valve.VR.SteamVR_Action_Vector2> (string) (at Assets/SteamVR/Input/SteamVR_Action.cs:294)
Valve.VR.SteamVR_Actions:PreInitActions () (at Assets/SteamVR_Input/SteamVR_Input_Actions.cs:310)
Valve.VR.SteamVR_Actions:PreInitialize () (at Assets/SteamVR_Input/SteamVR_Input_Initialization.cs:24)
System.Reflection.RuntimeMethodInfo:Invoke (object,System.Reflection.BindingFlags,System.Reflection.Binder,object[],System.Globalization.CultureInfo)
System.Reflection.MethodBase:Invoke (object,object[])
Valve.VR.SteamVR_Input:FindPreinitializeMethod () (at Assets/SteamVR/Input/SteamVR_Input.cs:134)
Valve.VR.SteamVR_Input:.cctor () (at Assets/SteamVR/Input/SteamVR_Input.cs:114)
Valve.VR.SteamVR_ActionSet:Initialize (bool,bool) (at Assets/SteamVR/Input/SteamVR_ActionSet.cs:178)
Valve.VR.SteamVR_ActionSet:UnityEngine.ISerializationCallbackReceiver.OnAfterDeserialize () (at Assets/SteamVR/Input/SteamVR_ActionSet.cs:366)

(Filename: Assets/SteamVR/Input/SteamVR_Action.cs Line: 690)

Could not find match for direction: in
UnityEngine.StackTraceUtility:ExtractStackTrace ()
UnityEngine.DebugLogHandler:LogFormat (UnityEngine.LogType,UnityEngine.Object,string,object[])
UnityEngine.Logger:Log (UnityEngine.LogType,object)
UnityEngine.Debug:LogError (object)
Valve.VR.SteamVR_Action_Source_Map:GetActionDirection () (at Assets/SteamVR/Input/SteamVR_Action.cs:690)
Valve.VR.SteamVR_Action_Source_Map:PreInitialize (Valve.VR.SteamVR_Action,string,bool) (at Assets/SteamVR/Input/SteamVR_Action.cs:636)
Valve.VR.SteamVR_Action`2<Valve.VR.SteamVR_Action_Boolean_Source_Map, Valve.VR.SteamVR_Action_Boolean_Source>:PreInitialize (string) (at Assets/SteamVR/Input/SteamVR_Action.cs:100)
Valve.VR.SteamVR_Action:Create<Valve.VR.SteamVR_Action_Boolean> (string) (at Assets/SteamVR/Input/SteamVR_Action.cs:294)
Valve.VR.SteamVR_Actions:PreInitActions () (at Assets/SteamVR_Input/SteamVR_Input_Actions.cs:311)
Valve.VR.SteamVR_Actions:PreInitialize () (at Assets/SteamVR_Input/SteamVR_Input_Initialization.cs:24)
System.Reflection.RuntimeMethodInfo:Invoke (object,System.Reflection.BindingFlags,System.Reflection.Binder,object[],System.Globalization.CultureInfo)
System.Reflection.MethodBase:Invoke (object,object[])
Valve.VR.SteamVR_Input:FindPreinitializeMethod () (at Assets/SteamVR/Input/SteamVR_Input.cs:134)
Valve.VR.SteamVR_Input:.cctor () (at Assets/SteamVR/Input/SteamVR_Input.cs:114)
Valve.VR.SteamVR_ActionSet:Initialize (bool,bool) (at Assets/SteamVR/Input/SteamVR_ActionSet.cs:178)
Valve.VR.SteamVR_ActionSet:UnityEngine.ISerializationCallbackReceiver.OnAfterDeserialize () (at Assets/SteamVR/Input/SteamVR_ActionSet.cs:366)

(Filename: Assets/SteamVR/Input/SteamVR_Action.cs Line: 690)

Could not find match for direction: in
UnityEngine.StackTraceUtility:ExtractStackTrace ()
UnityEngine.DebugLogHandler:LogFormat (UnityEngine.LogType,UnityEngine.Object,string,object[])
UnityEngine.Logger:Log (UnityEngine.LogType,object)
UnityEngine.Debug:LogError (object)
Valve.VR.SteamVR_Action_Source_Map:GetActionDirection () (at Assets/SteamVR/Input/SteamVR_Action.cs:690)
Valve.VR.SteamVR_Action_Source_Map:PreInitialize (Valve.VR.SteamVR_Action,string,bool) (at Assets/SteamVR/Input/SteamVR_Action.cs:636)
Valve.VR.SteamVR_Action`2<Valve.VR.SteamVR_Action_Vector2_Source_Map, Valve.VR.SteamVR_Action_Vector2_Source>:PreInitialize (string) (at Assets/SteamVR/Input/SteamVR_Action.cs:100)
Valve.VR.SteamVR_Action:Create<Valve.VR.SteamVR_Action_Vector2> (string) (at Assets/SteamVR/Input/SteamVR_Action.cs:294)
Valve.VR.SteamVR_Actions:PreInitActions () (at Assets/SteamVR_Input/SteamVR_Input_Actions.cs:312)
Valve.VR.SteamVR_Actions:PreInitialize () (at Assets/SteamVR_Input/SteamVR_Input_Initialization.cs:24)
System.Reflection.RuntimeMethodInfo:Invoke (object,System.Reflection.BindingFlags,System.Reflection.Binder,object[],System.Globalization.CultureInfo)
System.Reflection.MethodBase:Invoke (object,object[])
Valve.VR.SteamVR_Input:FindPreinitializeMethod () (at Assets/SteamVR/Input/SteamVR_Input.cs:134)
Valve.VR.SteamVR_Input:.cctor () (at Assets/SteamVR/Input/SteamVR_Input.cs:114)
Valve.VR.SteamVR_ActionSet:Initialize (bool,bool) (at Assets/SteamVR/Input/SteamVR_ActionSet.cs:178)
Valve.VR.SteamVR_ActionSet:UnityEngine.ISerializationCallbackReceiver.OnAfterDeserialize () (at Assets/SteamVR/Input/SteamVR_ActionSet.cs:366)

(Filename: Assets/SteamVR/Input/SteamVR_Action.cs Line: 690)

Could not find match for direction: in
UnityEngine.StackTraceUtility:ExtractStackTrace ()
UnityEngine.DebugLogHandler:LogFormat (UnityEngine.LogType,UnityEngine.Object,string,object[])
UnityEngine.Logger:Log (UnityEngine.LogType,object)
UnityEngine.Debug:LogError (object)
Valve.VR.SteamVR_Action_Source_Map:GetActionDirection () (at Assets/SteamVR/Input/SteamVR_Action.cs:690)
Valve.VR.SteamVR_Action_Source_Map:PreInitialize (Valve.VR.SteamVR_Action,string,bool) (at Assets/SteamVR/Input/SteamVR_Action.cs:636)
Valve.VR.SteamVR_Action`2<Valve.VR.SteamVR_Action_Single_Source_Map, Valve.VR.SteamVR_Action_Single_Source>:PreInitialize (string) (at Assets/SteamVR/Input/SteamVR_Action.cs:100)
Valve.VR.SteamVR_Action:Create<Valve.VR.SteamVR_Action_Single> (string) (at Assets/SteamVR/Input/SteamVR_Action.cs:294)
Valve.VR.SteamVR_Actions:PreInitActions () (at Assets/SteamVR_Input/SteamVR_Input_Actions.cs:313)
Valve.VR.SteamVR_Actions:PreInitialize () (at Assets/SteamVR_Input/SteamVR_Input_Initialization.cs:24)
System.Reflection.RuntimeMethodInfo:Invoke (object,System.Reflection.BindingFlags,System.Reflection.Binder,object[],System.Globalization.CultureInfo)
System.Reflection.MethodBase:Invoke (object,object[])
Valve.VR.SteamVR_Input:FindPreinitializeMethod () (at Assets/SteamVR/Input/SteamVR_Input.cs:134)
Valve.VR.SteamVR_Input:.cctor () (at Assets/SteamVR/Input/SteamVR_Input.cs:114)
Valve.VR.SteamVR_ActionSet:Initialize (bool,bool) (at Assets/SteamVR/Input/SteamVR_ActionSet.cs:178)
Valve.VR.SteamVR_ActionSet:UnityEngine.ISerializationCallbackReceiver.OnAfterDeserialize () (at Assets/SteamVR/Input/SteamVR_ActionSet.cs:366)

(Filename: Assets/SteamVR/Input/SteamVR_Action.cs Line: 690)

Could not find match for direction: in
UnityEngine.StackTraceUtility:ExtractStackTrace ()
UnityEngine.DebugLogHandler:LogFormat (UnityEngine.LogType,UnityEngine.Object,string,object[])
UnityEngine.Logger:Log (UnityEngine.LogType,object)
UnityEngine.Debug:LogError (object)
Valve.VR.SteamVR_Action_Source_Map:GetActionDirection () (at Assets/SteamVR/Input/SteamVR_Action.cs:690)
Valve.VR.SteamVR_Action_Source_Map:PreInitialize (Valve.VR.SteamVR_Action,string,bool) (at Assets/SteamVR/Input/SteamVR_Action.cs:636)
Valve.VR.SteamVR_Action`2<Valve.VR.SteamVR_Action_Boolean_Source_Map, Valve.VR.SteamVR_Action_Boolean_Source>:PreInitialize (string) (at Assets/SteamVR/Input/SteamVR_Action.cs:100)
Valve.VR.SteamVR_Action:Create<Valve.VR.SteamVR_Action_Boolean> (string) (at Assets/SteamVR/Input/SteamVR_Action.cs:294)
Valve.VR.SteamVR_Actions:PreInitActions () (at Assets/SteamVR_Input/SteamVR_Input_Actions.cs:314)
Valve.VR.SteamVR_Actions:PreInitialize () (at Assets/SteamVR_Input/SteamVR_Input_Initialization.cs:24)
System.Reflection.RuntimeMethodInfo:Invoke (object,System.Reflection.BindingFlags,System.Reflection.Binder,object[],System.Globalization.CultureInfo)
System.Reflection.MethodBase:Invoke (object,object[])
Valve.VR.SteamVR_Input:FindPreinitializeMethod () (at Assets/SteamVR/Input/SteamVR_Input.cs:134)
Valve.VR.SteamVR_Input:.cctor () (at Assets/SteamVR/Input/SteamVR_Input.cs:114)
Valve.VR.SteamVR_ActionSet:Initialize (bool,bool) (at Assets/SteamVR/Input/SteamVR_ActionSet.cs:178)
Valve.VR.SteamVR_ActionSet:UnityEngine.ISerializationCallbackReceiver.OnAfterDeserialize () (at Assets/SteamVR/Input/SteamVR_ActionSet.cs:366)

(Filename: Assets/SteamVR/Input/SteamVR_Action.cs Line: 690)

Could not find match for direction: in
UnityEngine.StackTraceUtility:ExtractStackTrace ()
UnityEngine.DebugLogHandler:LogFormat (UnityEngine.LogType,UnityEngine.Object,string,object[])
UnityEngine.Logger:Log (UnityEngine.LogType,object)
UnityEngine.Debug:LogError (object)
Valve.VR.SteamVR_Action_Source_Map:GetActionDirection () (at Assets/SteamVR/Input/SteamVR_Action.cs:690)
Valve.VR.SteamVR_Action_Source_Map:PreInitialize (Valve.VR.SteamVR_Action,string,bool) (at Assets/SteamVR/Input/SteamVR_Action.cs:636)
Valve.VR.SteamVR_Action`2<Valve.VR.SteamVR_Action_Boolean_Source_Map, Valve.VR.SteamVR_Action_Boolean_Source>:PreInitialize (string) (at Assets/SteamVR/Input/SteamVR_Action.cs:100)
Valve.VR.SteamVR_Action:Create<Valve.VR.SteamVR_Action_Boolean> (string) (at Assets/SteamVR/Input/SteamVR_Action.cs:294)
Valve.VR.SteamVR_Actions:PreInitActions () (at Assets/SteamVR_Input/SteamVR_Input_Actions.cs:315)
Valve.VR.SteamVR_Actions:PreInitialize () (at Assets/SteamVR_Input/SteamVR_Input_Initialization.cs:24)
System.Reflection.RuntimeMethodInfo:Invoke (object,System.Reflection.BindingFlags,System.Reflection.Binder,object[],System.Globalization.CultureInfo)
System.Reflection.MethodBase:Invoke (object,object[])
Valve.VR.SteamVR_Input:FindPreinitializeMethod () (at Assets/SteamVR/Input/SteamVR_Input.cs:134)
Valve.VR.SteamVR_Input:.cctor () (at Assets/SteamVR/Input/SteamVR_Input.cs:114)
Valve.VR.SteamVR_ActionSet:Initialize (bool,bool) (at Assets/SteamVR/Input/SteamVR_ActionSet.cs:178)
Valve.VR.SteamVR_ActionSet:UnityEngine.ISerializationCallbackReceiver.OnAfterDeserialize () (at Assets/SteamVR/Input/SteamVR_ActionSet.cs:366)

(Filename: Assets/SteamVR/Input/SteamVR_Action.cs Line: 690)

Could not find match for direction: in
UnityEngine.StackTraceUtility:ExtractStackTrace ()
UnityEngine.DebugLogHandler:LogFormat (UnityEngine.LogType,UnityEngine.Object,string,object[])
UnityEngine.Logger:Log (UnityEngine.LogType,object)
UnityEngine.Debug:LogError (object)
Valve.VR.SteamVR_Action_Source_Map:GetActionDirection () (at Assets/SteamVR/Input/SteamVR_Action.cs:690)
Valve.VR.SteamVR_Action_Source_Map:PreInitialize (Valve.VR.SteamVR_Action,string,bool) (at Assets/SteamVR/Input/SteamVR_Action.cs:636)
Valve.VR.SteamVR_Action`2<Valve.VR.SteamVR_Action_Pose_Source_Map`1<Valve.VR.SteamVR_Action_Pose_Source>, Valve.VR.SteamVR_Action_Pose_Source>:PreInitialize (string) (at Assets/SteamVR/Input/SteamVR_Action.cs:100)
Valve.VR.SteamVR_Action:Create<Valve.VR.SteamVR_Action_Pose> (string) (at Assets/SteamVR/Input/SteamVR_Action.cs:294)
Valve.VR.SteamVR_Actions:PreInitActions () (at Assets/SteamVR_Input/SteamVR_Input_Actions.cs:316)
Valve.VR.SteamVR_Actions:PreInitialize () (at Assets/SteamVR_Input/SteamVR_Input_Initialization.cs:24)
System.Reflection.RuntimeMethodInfo:Invoke (object,System.Reflection.BindingFlags,System.Reflection.Binder,object[],System.Globalization.CultureInfo)
System.Reflection.MethodBase:Invoke (object,object[])
Valve.VR.SteamVR_Input:FindPreinitializeMethod () (at Assets/SteamVR/Input/SteamVR_Input.cs:134)
Valve.VR.SteamVR_Input:.cctor () (at Assets/SteamVR/Input/SteamVR_Input.cs:114)
Valve.VR.SteamVR_ActionSet:Initialize (bool,bool) (at Assets/SteamVR/Input/SteamVR_ActionSet.cs:178)
Valve.VR.SteamVR_ActionSet:UnityEngine.ISerializationCallbackReceiver.OnAfterDeserialize () (at Assets/SteamVR/Input/SteamVR_ActionSet.cs:366)

(Filename: Assets/SteamVR/Input/SteamVR_Action.cs Line: 690)

[PhysX] Initialized MultithreadedTaskDispatcher with 12 workers.
 -> (artifact id: '561f0c201ac16af534d0b59b86dd5f8a') in 0.051562 seconds
Number of updated asset objects reloaded before import = 0
Number of asset objects unloaded after import = 23
========================================================================
Received Import Request.
  Time since last request: 0.000012 seconds.
  path: Assets/SteamVR/InteractionSystem/Longbow/Prefabs/BalloonSpawner.prefab
  artifactKey: Guid(01c670ceb931d524b9a80b70652eb18b) Importer(815301076,1909f56bfc062723c751e8b465ee728b)
Start importing Assets/SteamVR/InteractionSystem/Longbow/Prefabs/BalloonSpawner.prefab using Guid(01c670ceb931d524b9a80b70652eb18b) Importer(815301076,1909f56bfc062723c751e8b465ee728b) [PhysX] Initialized MultithreadedTaskDispatcher with 12 workers.
 -> (artifact id: '18d6b686d0200b012f6c802b7d23fe8c') in 0.061445 seconds
Number of updated asset objects reloaded before import = 0
Number of asset objects unloaded after import = 76
========================================================================
Received Import Request.
  Time since last request: 0.000012 seconds.
  path: Assets/SteamVR/InteractionSystem/Longbow/Prefabs/LongbowItemPackage.prefab
  artifactKey: Guid(98a3ad29136d5c04f8a025adf1cbd704) Importer(815301076,1909f56bfc062723c751e8b465ee728b)
Start importing Assets/SteamVR/InteractionSystem/Longbow/Prefabs/LongbowItemPackage.prefab using Guid(98a3ad29136d5c04f8a025adf1cbd704) Importer(815301076,1909f56bfc062723c751e8b465ee728b) [PhysX] Initialized MultithreadedTaskDispatcher with 12 workers.
 -> (artifact id: '0b2779fed444270b14bb2586c03e03ea') in 0.529568 seconds
Number of updated asset objects reloaded before import = 0
Number of asset objects unloaded after import = 457
========================================================================
Received Import Request.
  Time since last request: 0.000019 seconds.
  path: Assets/SteamVR/Prefabs/vr_glove_left_model_slim.prefab
  artifactKey: Guid(638779290bce1af49b356f33dcc6fccf) Importer(815301076,1909f56bfc062723c751e8b465ee728b)
Start importing Assets/SteamVR/Prefabs/vr_glove_left_model_slim.prefab using Guid(638779290bce1af49b356f33dcc6fccf) Importer(815301076,1909f56bfc062723c751e8b465ee728b) [PhysX] Initialized MultithreadedTaskDispatcher with 12 workers.
[PhysX] Initialized MultithreadedTaskDispatcher with 12 workers.
 -> (artifact id: '95d120c878bb1d80ed7878be7bbdbb0a') in 0.161100 seconds
Number of updated asset objects reloaded before import = 0
Number of asset objects unloaded after import = 173
========================================================================
Received Import Request.
  Time since last request: 0.000022 seconds.
  path: Assets/SteamVR/InteractionSystem/Samples/Prefabs/Buggy Controller.prefab
  artifactKey: Guid(d9803cc69067105488f4a78449f2aeec) Importer(815301076,1909f56bfc062723c751e8b465ee728b)
Start importing Assets/SteamVR/InteractionSystem/Samples/Prefabs/Buggy Controller.prefab using Guid(d9803cc69067105488f4a78449f2aeec) Importer(815301076,1909f56bfc062723c751e8b465ee728b) [PhysX] Initialized MultithreadedTaskDispatcher with 12 workers.
[PhysX] Initialized MultithreadedTaskDispatcher with 12 workers.
 -> (artifact id: '0228ed1090dde5ba5102f300df86a396') in 0.085154 seconds
Number of updated asset objects reloaded before import = 0
Number of asset objects unloaded after import = 95
========================================================================
Received Import Request.
  Time since last request: 0.000051 seconds.
  path: Assets/SteamVR/InteractionSystem/Longbow/Prefabs/FireWhip.prefab
  artifactKey: Guid(daf28736fcb032a44b7a5c1fd0a27b15) Importer(815301076,1909f56bfc062723c751e8b465ee728b)
Start importing Assets/SteamVR/InteractionSystem/Longbow/Prefabs/FireWhip.prefab using Guid(daf28736fcb032a44b7a5c1fd0a27b15) Importer(815301076,1909f56bfc062723c751e8b465ee728b) [PhysX] Initialized MultithreadedTaskDispatcher with 12 workers.
[PhysX] Initialized MultithreadedTaskDispatcher with 12 workers.
 -> (artifact id: '5981188cf45a0017222bdbc33b211306') in 0.030632 seconds
Number of updated asset objects reloaded before import = 0
Number of asset objects unloaded after import = 12
========================================================================
Received Import Request.
  Time since last request: 0.000013 seconds.
  path: Assets/SteamVR/InteractionSystem/Samples/Prefabs/ModalThrowable.prefab
  artifactKey: Guid(8ef7df74839e54a4d84fc052b94e2fdd) Importer(815301076,1909f56bfc062723c751e8b465ee728b)
Start importing Assets/SteamVR/InteractionSystem/Samples/Prefabs/ModalThrowable.prefab using Guid(8ef7df74839e54a4d84fc052b94e2fdd) Importer(815301076,1909f56bfc062723c751e8b465ee728b) [PhysX] Initialized MultithreadedTaskDispatcher with 12 workers.
[PhysX] Initialized MultithreadedTaskDispatcher with 12 workers.
Refreshing native plugins compatible for Editor in 3.83 ms, found 6 plugins.
Preloading 0 native plugins for Editor in 0.00 ms.
 -> (artifact id: '233fbeb373bf6ef8731fe0f97862bde1') in 0.034248 seconds
Number of updated asset objects reloaded before import = 0
Number of asset objects unloaded after import = 134
========================================================================
Received Import Request.
  Time since last request: 0.000016 seconds.
  path: Assets/SteamVR/InteractionSystem/Longbow/Prefabs/Arrow.prefab
  artifactKey: Guid(81fc1450441aca64e8cc1a0e14b1aa77) Importer(815301076,1909f56bfc062723c751e8b465ee728b)
Start importing Assets/SteamVR/InteractionSystem/Longbow/Prefabs/Arrow.prefab using Guid(81fc1450441aca64e8cc1a0e14b1aa77) Importer(815301076,1909f56bfc062723c751e8b465ee728b) [PhysX] Initialized MultithreadedTaskDispatcher with 12 workers.
[PhysX] Initialized MultithreadedTaskDispatcher with 12 workers.
 -> (artifact id: '8a84ae9304259b06f14b60d6c9a8a3bd') in 0.072531 seconds
Number of updated asset objects reloaded before import = 0
Number of asset objects unloaded after import = 113
========================================================================
Received Import Request.
  Time since last request: 0.000016 seconds.
  path: Assets/SteamVR/InteractionSystem/Longbow/Prefabs/BalloonPop.prefab
  artifactKey: Guid(9d2dddaae5c812841accc43e4da1fccd) Importer(815301076,1909f56bfc062723c751e8b465ee728b)
Start importing Assets/SteamVR/InteractionSystem/Longbow/Prefabs/BalloonPop.prefab using Guid(9d2dddaae5c812841accc43e4da1fccd) Importer(815301076,1909f56bfc062723c751e8b465ee728b) [PhysX] Initialized MultithreadedTaskDispatcher with 12 workers.
[PhysX] Initialized MultithreadedTaskDispatcher with 12 workers.
Refreshing native plugins compatible for Editor in 4.55 ms, found 6 plugins.
Preloading 0 native plugins for Editor in 0.00 ms.
 -> (artifact id: 'ce4b30d3ca02887ea6a07fc1a8b5609e') in 0.016332 seconds
Number of updated asset objects reloaded before import = 0
Number of asset objects unloaded after import = 38
========================================================================
Received Import Request.
  Time since last request: 0.000022 seconds.
  path: Assets/SteamVR/InteractionSystem/Longbow/Prefabs/Torch.prefab
  artifactKey: Guid(380bbbca09a806c4c8607dd111d9ed8f) Importer(815301076,1909f56bfc062723c751e8b465ee728b)
Start importing Assets/SteamVR/InteractionSystem/Longbow/Prefabs/Torch.prefab using Guid(380bbbca09a806c4c8607dd111d9ed8f) Importer(815301076,1909f56bfc062723c751e8b465ee728b) [PhysX] Initialized MultithreadedTaskDispatcher with 12 workers.
[PhysX] Initialized MultithreadedTaskDispatcher with 12 workers.
Refreshing native plugins compatible for Editor in 4.80 ms, found 6 plugins.
Preloading 0 native plugins for Editor in 0.00 ms.
 -> (artifact id: 'd7f423f37e9485e47c01af906b6e2290') in 0.031643 seconds
Number of updated asset objects reloaded before import = 0
Number of asset objects unloaded after import = 46
========================================================================
Received Import Request.
  Time since last request: 0.000018 seconds.
  path: Assets/SteamVR/InteractionSystem/Longbow/Prefabs/LongbowPreview.prefab
  artifactKey: Guid(a5b684916cfe6804985d74652a2af09f) Importer(815301076,1909f56bfc062723c751e8b465ee728b)
Start importing Assets/SteamVR/InteractionSystem/Longbow/Prefabs/LongbowPreview.prefab using Guid(a5b684916cfe6804985d74652a2af09f) Importer(815301076,1909f56bfc062723c751e8b465ee728b) [PhysX] Initialized MultithreadedTaskDispatcher with 12 workers.
[PhysX] Initialized MultithreadedTaskDispatcher with 12 workers.
 -> (artifact id: 'c280b20380c45ba797c555f98e8f2587') in 0.053015 seconds
Number of updated asset objects reloaded before import = 0
Number of asset objects unloaded after import = 60
========================================================================
Received Import Request.
  Time since last request: 0.000017 seconds.
  path: Assets/SteamVR/InteractionSystem/Samples/Prefabs/ThrowableCube.prefab
  artifactKey: Guid(fb710a001890d9a44bb74a8ce4f20cc0) Importer(815301076,1909f56bfc062723c751e8b465ee728b)
Start importing Assets/SteamVR/InteractionSystem/Samples/Prefabs/ThrowableCube.prefab using Guid(fb710a001890d9a44bb74a8ce4f20cc0) Importer(815301076,1909f56bfc062723c751e8b465ee728b) [PhysX] Initialized MultithreadedTaskDispatcher with 12 workers.
[PhysX] Initialized MultithreadedTaskDispatcher with 12 workers.
Refreshing native plugins compatible for Editor in 4.90 ms, found 6 plugins.
Preloading 0 native plugins for Editor in 0.00 ms.
 -> (artifact id: '80bf423a1bd89cc4512f5ee7bf8b4450') in 0.037387 seconds
Number of updated asset objects reloaded before import = 0
Number of asset objects unloaded after import = 132
========================================================================
Received Import Request.
  Time since last request: 0.000013 seconds.
  path: Assets/SteamVR/InteractionSystem/Samples/Models/Table_Round.prefab
  artifactKey: Guid(e7af05fa230061c4da07e8ceda602506) Importer(815301076,1909f56bfc062723c751e8b465ee728b)
Start importing Assets/SteamVR/InteractionSystem/Samples/Models/Table_Round.prefab using Guid(e7af05fa230061c4da07e8ceda602506) Importer(815301076,1909f56bfc062723c751e8b465ee728b) [PhysX] Initialized MultithreadedTaskDispatcher with 12 workers.
[PhysX] Initialized MultithreadedTaskDispatcher with 12 workers.
 -> (artifact id: 'b382c7891525076d1c3a6b609a540102') in 0.015438 seconds
Number of updated asset objects reloaded before import = 0
Number of asset objects unloaded after import = 12
========================================================================
Received Import Request.
  Time since last request: 0.000014 seconds.
  path: Assets/SteamVR/Prefabs/[SteamVR].prefab
  artifactKey: Guid(4f35fa249b5008c44ac2998be6f82d4d) Importer(815301076,1909f56bfc062723c751e8b465ee728b)
Start importing Assets/SteamVR/Prefabs/[SteamVR].prefab using Guid(4f35fa249b5008c44ac2998be6f82d4d) Importer(815301076,1909f56bfc062723c751e8b465ee728b) [PhysX] Initialized MultithreadedTaskDispatcher with 12 workers.
 -> (artifact id: '21c794edf688419dcbfe7f2e05ecd026') in 0.002260 seconds
Number of updated asset objects reloaded before import = 0
Number of asset objects unloaded after import = 5
========================================================================
Received Import Request.
  Time since last request: 0.000011 seconds.
  path: Assets/SteamVR/Prefabs/vr_hand_alien_right.prefab
  artifactKey: Guid(a2330dd3e2bcb44428f727270af1d625) Importer(815301076,1909f56bfc062723c751e8b465ee728b)
Start importing Assets/SteamVR/Prefabs/vr_hand_alien_right.prefab using Guid(a2330dd3e2bcb44428f727270af1d625) Importer(815301076,1909f56bfc062723c751e8b465ee728b) [PhysX] Initialized MultithreadedTaskDispatcher with 12 workers.
[PhysX] Initialized MultithreadedTaskDispatcher with 12 workers.
 -> (artifact id: 'a38438bc164dfe20a24fcc407d0245e9') in 0.016599 seconds
Number of updated asset objects reloaded before import = 0
Number of asset objects unloaded after import = 154
========================================================================
Received Import Request.
  Time since last request: 0.000014 seconds.
  path: Assets/SteamVR/InteractionSystem/Hints/Prefabs/ControllerTextHint.prefab
  artifactKey: Guid(5fa42bb9e52706a42b8a1eaf0b54326a) Importer(815301076,1909f56bfc062723c751e8b465ee728b)
Start importing Assets/SteamVR/InteractionSystem/Hints/Prefabs/ControllerTextHint.prefab using Guid(5fa42bb9e52706a42b8a1eaf0b54326a) Importer(815301076,1909f56bfc062723c751e8b465ee728b) [PhysX] Initialized MultithreadedTaskDispatcher with 12 workers.
[PhysX] Initialized MultithreadedTaskDispatcher with 12 workers.
 -> (artifact id: 'b101d2a696b2c6c3d3ab9d7d352b0633') in 0.047489 seconds
Number of updated asset objects reloaded before import = 0
Number of asset objects unloaded after import = 38
========================================================================
Received Import Request.
  Time since last request: 0.000015 seconds.
  path: Assets/SteamVR/Prefabs/controller.prefab
  artifactKey: Guid(e789c2cc0c98a4c4198a4033fb8ccf96) Importer(815301076,1909f56bfc062723c751e8b465ee728b)
Start importing Assets/SteamVR/Prefabs/controller.prefab using Guid(e789c2cc0c98a4c4198a4033fb8ccf96) Importer(815301076,1909f56bfc062723c751e8b465ee728b) [PhysX] Initialized MultithreadedTaskDispatcher with 12 workers.
 -> (artifact id: 'b3563424e482dde2e502cdc7a5e93736') in 0.003878 seconds
Number of updated asset objects reloaded before import = 0
Number of asset objects unloaded after import = 5
========================================================================
Received Import Request.
  Time since last request: 0.000018 seconds.
  path: Assets/SteamVR/InteractionSystem/Longbow/Prefabs/BalloonPopNoSound.prefab
  artifactKey: Guid(a41945a8549c580408301691c2fd374e) Importer(815301076,1909f56bfc062723c751e8b465ee728b)
Start importing Assets/SteamVR/InteractionSystem/Longbow/Prefabs/BalloonPopNoSound.prefab using Guid(a41945a8549c580408301691c2fd374e) Importer(815301076,1909f56bfc062723c751e8b465ee728b) [PhysX] Initialized MultithreadedTaskDispatcher with 12 workers.
[PhysX] Initialized MultithreadedTaskDispatcher with 12 workers.
 -> (artifact id: 'd3df4ed39e18053a3612698bdf3bd0c8') in 0.005712 seconds
Number of updated asset objects reloaded before import = 0
Number of asset objects unloaded after import = 15
========================================================================
Received Import Request.
  Time since last request: 0.000010 seconds.
  path: Assets/SteamVR/InteractionSystem/Teleport/Prefabs/Teleporting.prefab
  artifactKey: Guid(7a135b1a2cb9c8f488d4dd00c55ab283) Importer(815301076,1909f56bfc062723c751e8b465ee728b)
Start importing Assets/SteamVR/InteractionSystem/Teleport/Prefabs/Teleporting.prefab using Guid(7a135b1a2cb9c8f488d4dd00c55ab283) Importer(815301076,1909f56bfc062723c751e8b465ee728b) [PhysX] Initialized MultithreadedTaskDispatcher with 12 workers.
[PhysX] Initialized MultithreadedTaskDispatcher with 12 workers.
 -> (artifact id: 'bc925d9908a497c076bae9221888e104') in 0.121445 seconds
Number of updated asset objects reloaded before import = 0
Number of asset objects unloaded after import = 86
========================================================================
Received Prepare
Caller must complete domain reload
Begin MonoManager ReloadAssembly
- Loaded All Assemblies, in  0.276 seconds
Native extension for WindowsStandalone target not found
[Package Manager] Server::EnsureServerProcessIsRunning -- launch failed, reason: Unity was launched with the -noUpm command-line argument
[Package Manager] UpmClient::Send -- Unable to send message (not connected to UPM process).
[Package Manager] Cannot connect to Unity Package Manager local server
Mono: successfully reloaded assembly
[Package Manager] Server::EnsureServerProcessIsRunning -- launch failed, reason: Unity was launched with the -noUpm command-line argument
[Package Manager] UpmClient::Send -- Unable to send message (not connected to UPM process).
[Package Manager] Cannot connect to Unity Package Manager local server
- Finished resetting the current domain, in  0.596 seconds
Domain Reload Profiling: 870ms
	BeginReloadAssembly (99ms)
		ExecutionOrderSort (0ms)
		DisableScriptedObjects (2ms)
		BackupInstance (0ms)
		ReleaseScriptingObjects (0ms)
		CreateAndSetChildDomain (30ms)
	RebuildCommonClasses (19ms)
	RebuildNativeTypeToScriptingClass (7ms)
	initialDomainReloadingComplete (18ms)
	LoadAllAssembliesAndSetupDomain (132ms)
		LoadAssemblies (158ms)
		RebuildTransferFunctionScriptingTraits (0ms)
		AnalyzeDomain (17ms)
			TypeCache.Refresh (5ms)
				TypeCache.ScanAssembly (0ms)
			ScanForSourceGeneratedMonoScriptInfo (6ms)
			ResolveRequiredComponents (4ms)
	FinalizeReload (596ms)
		ReleaseScriptCaches (0ms)
		RebuildScriptCaches (0ms)
		SetupLoadedEditorAssemblies (250ms)
			LogAssemblyErrors (0ms)
			InitializePlatformSupportModulesInManaged (4ms)
			SetLoadedEditorAssemblies (2ms)
			RefreshPlugins (0ms)
			BeforeProcessingInitializeOnLoad (41ms)
			ProcessInitializeOnLoadAttributes (185ms)
			ProcessInitializeOnLoadMethodAttributes (13ms)
			AfterProcessingInitializeOnLoad (4ms)
			EditorAssembliesLoaded (0ms)
		ExecutionOrderSort2 (0ms)
		AwakeInstancesAfterBackupRestoration (5ms)
Refreshing native plugins compatible for Editor in 3.37 ms, found 6 plugins.
Preloading 0 native plugins for Editor in 0.00 ms.
Unloading 3439 Unused Serialized files (Serialized files now loaded: 0)
Unloading 16 unused Assets / (29.0 KB). Loaded Objects now: 3948.
Memory consumption went from 132.3 MB to 132.3 MB.
Total: 2.380100 ms (FindLiveObjects: 0.227900 ms CreateObjectMapping: 0.151800 ms MarkObjects: 1.956300 ms  DeleteObjects: 0.043200 ms)

Prepare: number of updated asset objects reloaded= 0
AssetImportParameters requested are different than current active one (requested -> active):
  custom:container-demuxer-ogg: 62fdf1f143b41e24485cea50d1cbac27 -> 
  custom:video-codec-MediaFoundation-h265: 746d11721c4dcdbdad8f713fa42b33f4 -> 
  custom:video-decoder-ogg-theora: a1e56fd34408186e4bbccfd4996cb3dc -> 
  custom:framework-win-MediaFoundation: 216162199b28c13a410421893ffa2e32 -> 
  custom:CustomObjectIndexerAttribute: 9a22284fe3817be447336de3de66b15e -> 
  custom:container-demuxer-webm: 4f35f7cbe854078d1ac9338744f61a02 -> 
  custom:container-muxer-webm: aa71ff27fc2769a1b78a27578f13a17b -> 
  custom:video-decoder-webm-vp8: 9c59270c3fd7afecdb556c50c9e8de78 -> 
  custom:SearchIndexIgnoredProperties: e643bd26f0fe6173181afceb89e7c659 -> 
  custom:AudioImporter_EditorPlatform: d09bf68614088b80899f8185d706f6e7 -> 
  custom:video-encoder-webm-vp8: eb34c28f22e8b96e1ab97ce403110664 -> 
  custom:audio-decoder-ogg-vorbis: bf7c407c2cedff20999df2af8eb42d56 -> 
  custom:audio-encoder-webm-vorbis: bf7c407c2cedff20999df2af8eb42d56 -> 
========================================================================
Received Prepare
Caller must complete domain reload
Begin MonoManager ReloadAssembly
- Loaded All Assemblies, in  0.309 seconds
Native extension for WindowsStandalone target not found
[Package Manager] Server::EnsureServerProcessIsRunning -- launch failed, reason: Unity was launched with the -noUpm command-line argument
[Package Manager] UpmClient::Send -- Unable to send message (not connected to UPM process).
[Package Manager] Cannot connect to Unity Package Manager local server
Mono: successfully reloaded assembly
[Package Manager] Server::EnsureServerProcessIsRunning -- launch failed, reason: Unity was launched with the -noUpm command-line argument
[Package Manager] UpmClient::Send -- Unable to send message (not connected to UPM process).
[Package Manager] Cannot connect to Unity Package Manager local server
- Finished resetting the current domain, in  0.673 seconds
Domain Reload Profiling: 978ms
	BeginReloadAssembly (98ms)
		ExecutionOrderSort (0ms)
		DisableScriptedObjects (4ms)
		BackupInstance (0ms)
		ReleaseScriptingObjects (0ms)
		CreateAndSetChildDomain (20ms)
	RebuildCommonClasses (29ms)
	RebuildNativeTypeToScriptingClass (11ms)
	initialDomainReloadingComplete (25ms)
	LoadAllAssembliesAndSetupDomain (142ms)
		LoadAssemblies (181ms)
		RebuildTransferFunctionScriptingTraits (0ms)
		AnalyzeDomain (11ms)
			TypeCache.Refresh (4ms)
				TypeCache.ScanAssembly (0ms)
			ScanForSourceGeneratedMonoScriptInfo (0ms)
			ResolveRequiredComponents (6ms)
	FinalizeReload (673ms)
		ReleaseScriptCaches (0ms)
		RebuildScriptCaches (0ms)
		SetupLoadedEditorAssemblies (280ms)
			LogAssemblyErrors (0ms)
			InitializePlatformSupportModulesInManaged (4ms)
			SetLoadedEditorAssemblies (2ms)
			RefreshPlugins (0ms)
			BeforeProcessingInitializeOnLoad (47ms)
			ProcessInitializeOnLoadAttributes (207ms)
			ProcessInitializeOnLoadMethodAttributes (15ms)
			AfterProcessingInitializeOnLoad (4ms)
			EditorAssembliesLoaded (0ms)
		ExecutionOrderSort2 (0ms)
		AwakeInstancesAfterBackupRestoration (6ms)
Refreshing native plugins compatible for Editor in 4.45 ms, found 6 plugins.
Preloading 0 native plugins for Editor in 0.00 ms.
Unloading 3440 Unused Serialized files (Serialized files now loaded: 0)
Unloading 16 unused Assets / (29.0 KB). Loaded Objects now: 3952.
Memory consumption went from 132.5 MB to 132.5 MB.
Total: 2.707900 ms (FindLiveObjects: 0.242200 ms CreateObjectMapping: 0.094000 ms MarkObjects: 2.328200 ms  DeleteObjects: 0.042800 ms)

Prepare: number of updated asset objects reloaded= 0
AssetImportParameters requested are different than current active one (requested -> active):
  custom:container-demuxer-ogg: 62fdf1f143b41e24485cea50d1cbac27 -> 
  custom:video-codec-MediaFoundation-h265: 746d11721c4dcdbdad8f713fa42b33f4 -> 
  custom:video-decoder-ogg-theora: a1e56fd34408186e4bbccfd4996cb3dc -> 
  custom:framework-win-MediaFoundation: 216162199b28c13a410421893ffa2e32 -> 
  custom:CustomObjectIndexerAttribute: 9a22284fe3817be447336de3de66b15e -> 
  custom:container-demuxer-webm: 4f35f7cbe854078d1ac9338744f61a02 -> 
  custom:container-muxer-webm: aa71ff27fc2769a1b78a27578f13a17b -> 
  custom:video-decoder-webm-vp8: 9c59270c3fd7afecdb556c50c9e8de78 -> 
  custom:SearchIndexIgnoredProperties: e643bd26f0fe6173181afceb89e7c659 -> 
  custom:AudioImporter_EditorPlatform: d09bf68614088b80899f8185d706f6e7 -> 
  custom:video-encoder-webm-vp8: eb34c28f22e8b96e1ab97ce403110664 -> 
  custom:audio-decoder-ogg-vorbis: bf7c407c2cedff20999df2af8eb42d56 -> 
  custom:audio-encoder-webm-vorbis: bf7c407c2cedff20999df2af8eb42d56 -> 
========================================================================
Received Prepare
Caller must complete domain reload
Begin MonoManager ReloadAssembly
- Loaded All Assemblies, in  0.283 seconds
Native extension for WindowsStandalone target not found
[Package Manager] Server::EnsureServerProcessIsRunning -- launch failed, reason: Unity was launched with the -noUpm command-line argument
[Package Manager] UpmClient::Send -- Unable to send message (not connected to UPM process).
[Package Manager] Cannot connect to Unity Package Manager local server
Mono: successfully reloaded assembly
[Package Manager] Server::EnsureServerProcessIsRunning -- launch failed, reason: Unity was launched with the -noUpm command-line argument
[Package Manager] UpmClient::Send -- Unable to send message (not connected to UPM process).
[Package Manager] Cannot connect to Unity Package Manager local server
- Finished resetting the current domain, in  0.620 seconds
Domain Reload Profiling: 902ms
	BeginReloadAssembly (99ms)
		ExecutionOrderSort (0ms)
		DisableScriptedObjects (3ms)
		BackupInstance (0ms)
		ReleaseScriptingObjects (0ms)
		CreateAndSetChildDomain (24ms)
	RebuildCommonClasses (20ms)
	RebuildNativeTypeToScriptingClass (8ms)
	initialDomainReloadingComplete (22ms)
	LoadAllAssembliesAndSetupDomain (134ms)
		LoadAssemblies (170ms)
		RebuildTransferFunctionScriptingTraits (0ms)
		AnalyzeDomain (13ms)
			TypeCache.Refresh (5ms)
				TypeCache.ScanAssembly (0ms)
			ScanForSourceGeneratedMonoScriptInfo (4ms)
			ResolveRequiredComponents (4ms)
	FinalizeReload (620ms)
		ReleaseScriptCaches (0ms)
		RebuildScriptCaches (0ms)
		SetupLoadedEditorAssemblies (259ms)
			LogAssemblyErrors (0ms)
			InitializePlatformSupportModulesInManaged (4ms)
			SetLoadedEditorAssemblies (2ms)
			RefreshPlugins (0ms)
			BeforeProcessingInitializeOnLoad (45ms)
			ProcessInitializeOnLoadAttributes (192ms)
			ProcessInitializeOnLoadMethodAttributes (12ms)
			AfterProcessingInitializeOnLoad (4ms)
			EditorAssembliesLoaded (0ms)
		ExecutionOrderSort2 (0ms)
		AwakeInstancesAfterBackupRestoration (5ms)
Refreshing native plugins compatible for Editor in 3.37 ms, found 6 plugins.
Preloading 0 native plugins for Editor in 0.00 ms.
Unloading 3440 Unused Serialized files (Serialized files now loaded: 0)
Unloading 17 unused Assets / (29.5 KB). Loaded Objects now: 3956.
Memory consumption went from 132.6 MB to 132.5 MB.
Total: 2.213200 ms (FindLiveObjects: 0.207600 ms CreateObjectMapping: 0.090000 ms MarkObjects: 1.878800 ms  DeleteObjects: 0.036000 ms)

Prepare: number of updated asset objects reloaded= 0
AssetImportParameters requested are different than current active one (requested -> active):
  custom:container-demuxer-ogg: 62fdf1f143b41e24485cea50d1cbac27 -> 
  custom:video-codec-MediaFoundation-h265: 746d11721c4dcdbdad8f713fa42b33f4 -> 
  custom:video-decoder-ogg-theora: a1e56fd34408186e4bbccfd4996cb3dc -> 
  custom:framework-win-MediaFoundation: 216162199b28c13a410421893ffa2e32 -> 
  custom:CustomObjectIndexerAttribute: 9a22284fe3817be447336de3de66b15e -> 
  custom:container-demuxer-webm: 4f35f7cbe854078d1ac9338744f61a02 -> 
  custom:container-muxer-webm: aa71ff27fc2769a1b78a27578f13a17b -> 
  custom:video-decoder-webm-vp8: 9c59270c3fd7afecdb556c50c9e8de78 -> 
  custom:SearchIndexIgnoredProperties: e643bd26f0fe6173181afceb89e7c659 -> 
  custom:AudioImporter_EditorPlatform: d09bf68614088b80899f8185d706f6e7 -> 
  custom:video-encoder-webm-vp8: eb34c28f22e8b96e1ab97ce403110664 -> 
  custom:audio-decoder-ogg-vorbis: bf7c407c2cedff20999df2af8eb42d56 -> 
  custom:scripting/monoscript/fileName/VRClickHandler.cs: 64b0b229c5e04ff7b2b8e0d968104824 -> 
  custom:audio-encoder-webm-vorbis: bf7c407c2cedff20999df2af8eb42d56 -> 
  custom:scripting/precompiled-assembly-types:Assembly-CSharp: 0bb52550ed2d7e7affb6f867085a637b -> 5565ad58155be53020d39b365697103c
========================================================================
Received Prepare
Caller must complete domain reload
Begin MonoManager ReloadAssembly
- Loaded All Assemblies, in  0.271 seconds
Native extension for WindowsStandalone target not found
[Package Manager] Server::EnsureServerProcessIsRunning -- launch failed, reason: Unity was launched with the -noUpm command-line argument
[Package Manager] UpmClient::Send -- Unable to send message (not connected to UPM process).
[Package Manager] Cannot connect to Unity Package Manager local server
Mono: successfully reloaded assembly
[Package Manager] Server::EnsureServerProcessIsRunning -- launch failed, reason: Unity was launched with the -noUpm command-line argument
[Package Manager] UpmClient::Send -- Unable to send message (not connected to UPM process).
[Package Manager] Cannot connect to Unity Package Manager local server
- Finished resetting the current domain, in  0.596 seconds
Domain Reload Profiling: 866ms
	BeginReloadAssembly (92ms)
		ExecutionOrderSort (0ms)
		DisableScriptedObjects (3ms)
		BackupInstance (0ms)
		ReleaseScriptingObjects (0ms)
		CreateAndSetChildDomain (21ms)
	RebuildCommonClasses (19ms)
	RebuildNativeTypeToScriptingClass (9ms)
	initialDomainReloadingComplete (19ms)
	LoadAllAssembliesAndSetupDomain (130ms)
		LoadAssemblies (161ms)
		RebuildTransferFunctionScriptingTraits (0ms)
		AnalyzeDomain (14ms)
			TypeCache.Refresh (5ms)
				TypeCache.ScanAssembly (0ms)
			ScanForSourceGeneratedMonoScriptInfo (4ms)
			ResolveRequiredComponents (4ms)
	FinalizeReload (597ms)
		ReleaseScriptCaches (0ms)
		RebuildScriptCaches (0ms)
		SetupLoadedEditorAssemblies (280ms)
			LogAssemblyErrors (0ms)
			InitializePlatformSupportModulesInManaged (4ms)
			SetLoadedEditorAssemblies (2ms)
			RefreshPlugins (0ms)
			BeforeProcessingInitializeOnLoad (46ms)
			ProcessInitializeOnLoadAttributes (207ms)
			ProcessInitializeOnLoadMethodAttributes (16ms)
			AfterProcessingInitializeOnLoad (4ms)
			EditorAssembliesLoaded (0ms)
		ExecutionOrderSort2 (0ms)
		AwakeInstancesAfterBackupRestoration (5ms)
Refreshing native plugins compatible for Editor in 3.69 ms, found 6 plugins.
Preloading 0 native plugins for Editor in 0.00 ms.
Unloading 3440 Unused Serialized files (Serialized files now loaded: 0)
Unloading 16 unused Assets / (29.0 KB). Loaded Objects now: 3960.
Memory consumption went from 132.6 MB to 132.5 MB.
Total: 2.354300 ms (FindLiveObjects: 0.211600 ms CreateObjectMapping: 0.088300 ms MarkObjects: 2.021300 ms  DeleteObjects: 0.032400 ms)

Prepare: number of updated asset objects reloaded= 0
AssetImportParameters requested are different than current active one (requested -> active):
  custom:container-demuxer-ogg: 62fdf1f143b41e24485cea50d1cbac27 -> 
  custom:video-codec-MediaFoundation-h265: 746d11721c4dcdbdad8f713fa42b33f4 -> 
  custom:video-decoder-ogg-theora: a1e56fd34408186e4bbccfd4996cb3dc -> 
  custom:framework-win-MediaFoundation: 216162199b28c13a410421893ffa2e32 -> 
  custom:CustomObjectIndexerAttribute: 9a22284fe3817be447336de3de66b15e -> 
  custom:container-demuxer-webm: 4f35f7cbe854078d1ac9338744f61a02 -> 
  custom:container-muxer-webm: aa71ff27fc2769a1b78a27578f13a17b -> 
  custom:video-decoder-webm-vp8: 9c59270c3fd7afecdb556c50c9e8de78 -> 
  custom:SearchIndexIgnoredProperties: e643bd26f0fe6173181afceb89e7c659 -> 
  custom:AudioImporter_EditorPlatform: d09bf68614088b80899f8185d706f6e7 -> 
  custom:video-encoder-webm-vp8: eb34c28f22e8b96e1ab97ce403110664 -> 
  custom:audio-decoder-ogg-vorbis: bf7c407c2cedff20999df2af8eb42d56 -> 
  custom:scripting/monoscript/fileName/VRClickHandler.cs: 64b0b229c5e04ff7b2b8e0d968104824 -> 
  custom:audio-encoder-webm-vorbis: bf7c407c2cedff20999df2af8eb42d56 -> 
  custom:scripting/precompiled-assembly-types:Assembly-CSharp: 0bb52550ed2d7e7affb6f867085a637b -> 5565ad58155be53020d39b365697103c
========================================================================
Received Prepare
Caller must complete domain reload
Begin MonoManager ReloadAssembly
- Loaded All Assemblies, in  0.281 seconds
Native extension for WindowsStandalone target not found
[Package Manager] Server::EnsureServerProcessIsRunning -- launch failed, reason: Unity was launched with the -noUpm command-line argument
[Package Manager] UpmClient::Send -- Unable to send message (not connected to UPM process).
[Package Manager] Cannot connect to Unity Package Manager local server
Mono: successfully reloaded assembly
[Package Manager] Server::EnsureServerProcessIsRunning -- launch failed, reason: Unity was launched with the -noUpm command-line argument
[Package Manager] UpmClient::Send -- Unable to send message (not connected to UPM process).
[Package Manager] Cannot connect to Unity Package Manager local server
- Finished resetting the current domain, in  0.616 seconds
Domain Reload Profiling: 896ms
	BeginReloadAssembly (104ms)
		ExecutionOrderSort (0ms)
		DisableScriptedObjects (3ms)
		BackupInstance (0ms)
		ReleaseScriptingObjects (0ms)
		CreateAndSetChildDomain (22ms)
	RebuildCommonClasses (19ms)
	RebuildNativeTypeToScriptingClass (7ms)
	initialDomainReloadingComplete (18ms)
	LoadAllAssembliesAndSetupDomain (132ms)
		LoadAssemblies (175ms)
		RebuildTransferFunctionScriptingTraits (0ms)
		AnalyzeDomain (12ms)
			TypeCache.Refresh (4ms)
				TypeCache.ScanAssembly (0ms)
			ScanForSourceGeneratedMonoScriptInfo (0ms)
			ResolveRequiredComponents (6ms)
	FinalizeReload (616ms)
		ReleaseScriptCaches (0ms)
		RebuildScriptCaches (0ms)
		SetupLoadedEditorAssemblies (295ms)
			LogAssemblyErrors (0ms)
			InitializePlatformSupportModulesInManaged (4ms)
			SetLoadedEditorAssemblies (3ms)
			RefreshPlugins (0ms)
			BeforeProcessingInitializeOnLoad (45ms)
			ProcessInitializeOnLoadAttributes (219ms)
			ProcessInitializeOnLoadMethodAttributes (19ms)
			AfterProcessingInitializeOnLoad (4ms)
			EditorAssembliesLoaded (0ms)
		ExecutionOrderSort2 (0ms)
		AwakeInstancesAfterBackupRestoration (6ms)
Refreshing native plugins compatible for Editor in 3.70 ms, found 6 plugins.
Preloading 0 native plugins for Editor in 0.00 ms.
Unloading 3440 Unused Serialized files (Serialized files now loaded: 0)
Unloading 16 unused Assets / (29.0 KB). Loaded Objects now: 3964.
Memory consumption went from 132.6 MB to 132.5 MB.
Total: 2.375000 ms (FindLiveObjects: 0.215900 ms CreateObjectMapping: 0.100200 ms MarkObjects: 2.023500 ms  DeleteObjects: 0.034300 ms)

Prepare: number of updated asset objects reloaded= 0
AssetImportParameters requested are different than current active one (requested -> active):
  custom:container-demuxer-ogg: 62fdf1f143b41e24485cea50d1cbac27 -> 
  custom:video-codec-MediaFoundation-h265: 746d11721c4dcdbdad8f713fa42b33f4 -> 
  custom:video-decoder-ogg-theora: a1e56fd34408186e4bbccfd4996cb3dc -> 
  custom:framework-win-MediaFoundation: 216162199b28c13a410421893ffa2e32 -> 
  custom:CustomObjectIndexerAttribute: 9a22284fe3817be447336de3de66b15e -> 
  custom:container-demuxer-webm: 4f35f7cbe854078d1ac9338744f61a02 -> 
  custom:container-muxer-webm: aa71ff27fc2769a1b78a27578f13a17b -> 
  custom:video-decoder-webm-vp8: 9c59270c3fd7afecdb556c50c9e8de78 -> 
  custom:SearchIndexIgnoredProperties: e643bd26f0fe6173181afceb89e7c659 -> 
  custom:AudioImporter_EditorPlatform: d09bf68614088b80899f8185d706f6e7 -> 
  custom:video-encoder-webm-vp8: eb34c28f22e8b96e1ab97ce403110664 -> 
  custom:audio-decoder-ogg-vorbis: bf7c407c2cedff20999df2af8eb42d56 -> 
  custom:scripting/monoscript/fileName/VRClickHandler.cs: 64b0b229c5e04ff7b2b8e0d968104824 -> 
  custom:audio-encoder-webm-vorbis: bf7c407c2cedff20999df2af8eb42d56 -> 
  custom:scripting/precompiled-assembly-types:Assembly-CSharp: 0bb52550ed2d7e7affb6f867085a637b -> 5565ad58155be53020d39b365697103c
========================================================================
Received Prepare
Caller must complete domain reload
Begin MonoManager ReloadAssembly
- Loaded All Assemblies, in  0.274 seconds
Native extension for WindowsStandalone target not found
[Package Manager] Server::EnsureServerProcessIsRunning -- launch failed, reason: Unity was launched with the -noUpm command-line argument
[Package Manager] UpmClient::Send -- Unable to send message (not connected to UPM process).
[Package Manager] Cannot connect to Unity Package Manager local server
Mono: successfully reloaded assembly
[Package Manager] Server::EnsureServerProcessIsRunning -- launch failed, reason: Unity was launched with the -noUpm command-line argument
[Package Manager] UpmClient::Send -- Unable to send message (not connected to UPM process).
[Package Manager] Cannot connect to Unity Package Manager local server
- Finished resetting the current domain, in  0.612 seconds
Domain Reload Profiling: 884ms
	BeginReloadAssembly (95ms)
		ExecutionOrderSort (0ms)
		DisableScriptedObjects (3ms)
		BackupInstance (0ms)
		ReleaseScriptingObjects (0ms)
		CreateAndSetChildDomain (23ms)
	RebuildCommonClasses (23ms)
	RebuildNativeTypeToScriptingClass (7ms)
	initialDomainReloadingComplete (17ms)
	LoadAllAssembliesAndSetupDomain (129ms)
		LoadAssemblies (169ms)
		RebuildTransferFunctionScriptingTraits (0ms)
		AnalyzeDomain (9ms)
			TypeCache.Refresh (3ms)
				TypeCache.ScanAssembly (0ms)
			ScanForSourceGeneratedMonoScriptInfo (0ms)
			ResolveRequiredComponents (4ms)
	FinalizeReload (612ms)
		ReleaseScriptCaches (0ms)
		RebuildScriptCaches (0ms)
		SetupLoadedEditorAssemblies (300ms)
			LogAssemblyErrors (0ms)
			InitializePlatformSupportModulesInManaged (4ms)
			SetLoadedEditorAssemblies (3ms)
			RefreshPlugins (0ms)
			BeforeProcessingInitializeOnLoad (49ms)
			ProcessInitializeOnLoadAttributes (224ms)
			ProcessInitializeOnLoadMethodAttributes (15ms)
			AfterProcessingInitializeOnLoad (5ms)
			EditorAssembliesLoaded (0ms)
		ExecutionOrderSort2 (0ms)
		AwakeInstancesAfterBackupRestoration (6ms)
Refreshing native plugins compatible for Editor in 5.34 ms, found 6 plugins.
Preloading 0 native plugins for Editor in 0.00 ms.
Unloading 3440 Unused Serialized files (Serialized files now loaded: 0)
Unloading 16 unused Assets / (29.0 KB). Loaded Objects now: 3968.
Memory consumption went from 132.6 MB to 132.5 MB.
Total: 2.874000 ms (FindLiveObjects: 0.219800 ms CreateObjectMapping: 0.114200 ms MarkObjects: 2.491500 ms  DeleteObjects: 0.047800 ms)

Prepare: number of updated asset objects reloaded= 0
AssetImportParameters requested are different than current active one (requested -> active):
  custom:container-demuxer-ogg: 62fdf1f143b41e24485cea50d1cbac27 -> 
  custom:video-codec-MediaFoundation-h265: 746d11721c4dcdbdad8f713fa42b33f4 -> 
  custom:video-decoder-ogg-theora: a1e56fd34408186e4bbccfd4996cb3dc -> 
  custom:framework-win-MediaFoundation: 216162199b28c13a410421893ffa2e32 -> 
  custom:CustomObjectIndexerAttribute: 9a22284fe3817be447336de3de66b15e -> 
  custom:container-demuxer-webm: 4f35f7cbe854078d1ac9338744f61a02 -> 
  custom:container-muxer-webm: aa71ff27fc2769a1b78a27578f13a17b -> 
  custom:video-decoder-webm-vp8: 9c59270c3fd7afecdb556c50c9e8de78 -> 
  custom:SearchIndexIgnoredProperties: e643bd26f0fe6173181afceb89e7c659 -> 
  custom:AudioImporter_EditorPlatform: d09bf68614088b80899f8185d706f6e7 -> 
  custom:video-encoder-webm-vp8: eb34c28f22e8b96e1ab97ce403110664 -> 
  custom:audio-decoder-ogg-vorbis: bf7c407c2cedff20999df2af8eb42d56 -> 
  custom:scripting/monoscript/fileName/VRClickHandler.cs: 64b0b229c5e04ff7b2b8e0d968104824 -> 
  custom:audio-encoder-webm-vorbis: bf7c407c2cedff20999df2af8eb42d56 -> 
  custom:scripting/precompiled-assembly-types:Assembly-CSharp: 0bb52550ed2d7e7affb6f867085a637b -> 5565ad58155be53020d39b365697103c
========================================================================
Received Prepare
Caller must complete domain reload
Begin MonoManager ReloadAssembly
- Loaded All Assemblies, in  0.283 seconds
Native extension for WindowsStandalone target not found
[Package Manager] Server::EnsureServerProcessIsRunning -- launch failed, reason: Unity was launched with the -noUpm command-line argument
[Package Manager] UpmClient::Send -- Unable to send message (not connected to UPM process).
[Package Manager] Cannot connect to Unity Package Manager local server
Mono: successfully reloaded assembly
[Package Manager] Server::EnsureServerProcessIsRunning -- launch failed, reason: Unity was launched with the -noUpm command-line argument
[Package Manager] UpmClient::Send -- Unable to send message (not connected to UPM process).
[Package Manager] Cannot connect to Unity Package Manager local server
- Finished resetting the current domain, in  0.691 seconds
Domain Reload Profiling: 973ms
	BeginReloadAssembly (102ms)
		ExecutionOrderSort (0ms)
		DisableScriptedObjects (3ms)
		BackupInstance (0ms)
		ReleaseScriptingObjects (0ms)
		CreateAndSetChildDomain (22ms)
	RebuildCommonClasses (20ms)
	RebuildNativeTypeToScriptingClass (8ms)
	initialDomainReloadingComplete (18ms)
	LoadAllAssembliesAndSetupDomain (134ms)
		LoadAssemblies (172ms)
		RebuildTransferFunctionScriptingTraits (0ms)
		AnalyzeDomain (14ms)
			TypeCache.Refresh (5ms)
				TypeCache.ScanAssembly (0ms)
			ScanForSourceGeneratedMonoScriptInfo (4ms)
			ResolveRequiredComponents (4ms)
	FinalizeReload (692ms)
		ReleaseScriptCaches (0ms)
		RebuildScriptCaches (0ms)
		SetupLoadedEditorAssemblies (293ms)
			LogAssemblyErrors (0ms)
			InitializePlatformSupportModulesInManaged (4ms)
			SetLoadedEditorAssemblies (3ms)
			RefreshPlugins (0ms)
			BeforeProcessingInitializeOnLoad (48ms)
			ProcessInitializeOnLoadAttributes (217ms)
			ProcessInitializeOnLoadMethodAttributes (17ms)
			AfterProcessingInitializeOnLoad (4ms)
			EditorAssembliesLoaded (0ms)
		ExecutionOrderSort2 (0ms)
		AwakeInstancesAfterBackupRestoration (6ms)
Refreshing native plugins compatible for Editor in 4.88 ms, found 6 plugins.
Preloading 0 native plugins for Editor in 0.00 ms.
Unloading 3441 Unused Serialized files (Serialized files now loaded: 0)
Unloading 16 unused Assets / (29.0 KB). Loaded Objects now: 3973.
Memory consumption went from 132.6 MB to 132.6 MB.
Total: 2.737700 ms (FindLiveObjects: 0.277000 ms CreateObjectMapping: 0.102500 ms MarkObjects: 2.321400 ms  DeleteObjects: 0.036200 ms)

Prepare: number of updated asset objects reloaded= 0
AssetImportParameters requested are different than current active one (requested -> active):
  custom:container-demuxer-ogg: 62fdf1f143b41e24485cea50d1cbac27 -> 
  custom:video-codec-MediaFoundation-h265: 746d11721c4dcdbdad8f713fa42b33f4 -> 
  custom:video-decoder-ogg-theora: a1e56fd34408186e4bbccfd4996cb3dc -> 
  custom:framework-win-MediaFoundation: 216162199b28c13a410421893ffa2e32 -> 
  custom:CustomObjectIndexerAttribute: 9a22284fe3817be447336de3de66b15e -> 
  custom:container-demuxer-webm: 4f35f7cbe854078d1ac9338744f61a02 -> 
  custom:container-muxer-webm: aa71ff27fc2769a1b78a27578f13a17b -> 
  custom:video-decoder-webm-vp8: 9c59270c3fd7afecdb556c50c9e8de78 -> 
  custom:SearchIndexIgnoredProperties: e643bd26f0fe6173181afceb89e7c659 -> 
  custom:AudioImporter_EditorPlatform: d09bf68614088b80899f8185d706f6e7 -> 
  custom:video-encoder-webm-vp8: eb34c28f22e8b96e1ab97ce403110664 -> 
  custom:audio-decoder-ogg-vorbis: bf7c407c2cedff20999df2af8eb42d56 -> 
  custom:scripting/monoscript/fileName/VRClickHandler.cs: 64b0b229c5e04ff7b2b8e0d968104824 -> 
  custom:audio-encoder-webm-vorbis: bf7c407c2cedff20999df2af8eb42d56 -> 
  custom:scripting/precompiled-assembly-types:Assembly-CSharp: 3d31cb01b7eb80a23a292d6ba7507b5f -> 5565ad58155be53020d39b365697103c
========================================================================
Received Prepare
Caller must complete domain reload
Begin MonoManager ReloadAssembly
- Loaded All Assemblies, in  0.323 seconds
Native extension for WindowsStandalone target not found
[Package Manager] Server::EnsureServerProcessIsRunning -- launch failed, reason: Unity was launched with the -noUpm command-line argument
[Package Manager] UpmClient::Send -- Unable to send message (not connected to UPM process).
[Package Manager] Cannot connect to Unity Package Manager local server
Mono: successfully reloaded assembly
[Package Manager] Server::EnsureServerProcessIsRunning -- launch failed, reason: Unity was launched with the -noUpm command-line argument
[Package Manager] UpmClient::Send -- Unable to send message (not connected to UPM process).
[Package Manager] Cannot connect to Unity Package Manager local server
- Finished resetting the current domain, in  0.784 seconds
Domain Reload Profiling: 1106ms
	BeginReloadAssembly (117ms)
		ExecutionOrderSort (0ms)
		DisableScriptedObjects (3ms)
		BackupInstance (0ms)
		ReleaseScriptingObjects (0ms)
		CreateAndSetChildDomain (23ms)
	RebuildCommonClasses (24ms)
	RebuildNativeTypeToScriptingClass (8ms)
	initialDomainReloadingComplete (23ms)
	LoadAllAssembliesAndSetupDomain (150ms)
		LoadAssemblies (197ms)
		RebuildTransferFunctionScriptingTraits (0ms)
		AnalyzeDomain (20ms)
			TypeCache.Refresh (7ms)
				TypeCache.ScanAssembly (0ms)
			ScanForSourceGeneratedMonoScriptInfo (6ms)
			ResolveRequiredComponents (6ms)
	FinalizeReload (784ms)
		ReleaseScriptCaches (0ms)
		RebuildScriptCaches (0ms)
		SetupLoadedEditorAssemblies (301ms)
			LogAssemblyErrors (0ms)
			InitializePlatformSupportModulesInManaged (4ms)
			SetLoadedEditorAssemblies (3ms)
			RefreshPlugins (0ms)
			BeforeProcessingInitializeOnLoad (48ms)
			ProcessInitializeOnLoadAttributes (224ms)
			ProcessInitializeOnLoadMethodAttributes (17ms)
			AfterProcessingInitializeOnLoad (5ms)
			EditorAssembliesLoaded (0ms)
		ExecutionOrderSort2 (0ms)
		AwakeInstancesAfterBackupRestoration (5ms)
Refreshing native plugins compatible for Editor in 3.29 ms, found 6 plugins.
Preloading 0 native plugins for Editor in 0.00 ms.
Unloading 3441 Unused Serialized files (Serialized files now loaded: 0)
Unloading 16 unused Assets / (29.0 KB). Loaded Objects now: 3977.
Memory consumption went from 132.6 MB to 132.6 MB.
Total: 2.223200 ms (FindLiveObjects: 0.208000 ms CreateObjectMapping: 0.079900 ms MarkObjects: 1.895800 ms  DeleteObjects: 0.038400 ms)

Prepare: number of updated asset objects reloaded= 0
AssetImportParameters requested are different than current active one (requested -> active):
  custom:container-demuxer-ogg: 62fdf1f143b41e24485cea50d1cbac27 -> 
  custom:video-codec-MediaFoundation-h265: 746d11721c4dcdbdad8f713fa42b33f4 -> 
  custom:video-decoder-ogg-theora: a1e56fd34408186e4bbccfd4996cb3dc -> 
  custom:framework-win-MediaFoundation: 216162199b28c13a410421893ffa2e32 -> 
  custom:CustomObjectIndexerAttribute: 9a22284fe3817be447336de3de66b15e -> 
  custom:container-demuxer-webm: 4f35f7cbe854078d1ac9338744f61a02 -> 
  custom:container-muxer-webm: aa71ff27fc2769a1b78a27578f13a17b -> 
  custom:video-decoder-webm-vp8: 9c59270c3fd7afecdb556c50c9e8de78 -> 
  custom:SearchIndexIgnoredProperties: e643bd26f0fe6173181afceb89e7c659 -> 
  custom:AudioImporter_EditorPlatform: d09bf68614088b80899f8185d706f6e7 -> 
  custom:video-encoder-webm-vp8: eb34c28f22e8b96e1ab97ce403110664 -> 
  custom:audio-decoder-ogg-vorbis: bf7c407c2cedff20999df2af8eb42d56 -> 
  custom:scripting/monoscript/fileName/VRClickHandler.cs: 64b0b229c5e04ff7b2b8e0d968104824 -> 
  custom:audio-encoder-webm-vorbis: bf7c407c2cedff20999df2af8eb42d56 -> 
  custom:scripting/precompiled-assembly-types:Assembly-CSharp: 3d31cb01b7eb80a23a292d6ba7507b5f -> 5565ad58155be53020d39b365697103c
